#
# A fatal error has been detected by the Java Runtime Environment:
#
#  SIGSEGV (0xb) at pc=0xb6f7c9d0, pid=12352, tid=2022701888
#
# JRE version: 7.0_17-b02
# Java VM: Java HotSpot(TM) Server VM (23.7-b01 mixed mode linux-x86 )
# Problematic frame:
# V  [libjvm.so+0x6259d0]  ParCompactionManager::follow_marking_stacks()+0xf0
#
# Failed to write core dump. Core dumps have been disabled. To enable core dumping, try "ulimit -c unlimited" before starting Java again
#
# If you would like to submit a bug report, please visit:
#   http://bugreport.sun.com/bugreport/crash.jsp
#

---------------  T H R E A D  ---------------

Current thread (0xb6713400):  GCTaskThread [stack: 0x7887f000,0x78900000] [id=12357]

siginfo:si_signo=SIGSEGV: si_errno=0, si_code=1 (SEGV_MAPERR), si_addr=0x00000000

Registers:
EAX=0x87130001, EBX=0x00000001, ECX=0x87130001, EDX=0x000002ba
ESP=0x788ff090, EBP=0x788ff128, ESI=0x7d67a800, EDI=0xb67f9cc8
EIP=0xb6f7c9d0, EFLAGS=0x00210206, CR2=0x00000000

Top of Stack: (sp=0x788ff090)
0x788ff090:   026402ba b67f9cd0 788ff148 026302ba
0x788ff0a0:   b67f9cd0 b67f9cc8 a8796e10 00000098
0x788ff0b0:   79744380 7d5cfaf8 788ff0f8 b6d41afb
0x788ff0c0:   b67f9cd8 b67f9d08 7d660110 00000400
0x788ff0d0:   00000400 7d66111c 7d66111c 00000006
0x788ff0e0:   7d67a800 7d67a7f8 788ff128 b6d41afb
0x788ff0f0:   b716ed90 7d67a800 00000006 8204a001
0x788ff100:   00000000 b67f9cd8 fffffff8 7990f458 

Instructions: (pc=0xb6f7c9d0)
0xb6f7c9b0:   00 00 74 78 8d 5f 08 89 9d 78 ff ff ff 4a 81 e2
0xb6f7c9c0:   ff 3f 00 00 89 57 04 83 3d 30 ab 16 b7 01 7e 05
0xb6f7c9d0:   f0 83 04 24 00 8d 04 95 00 00 00 00 8b 5f 0c 01
0xb6f7c9e0:   d8 89 d1 8b 30 66 8b 47 08 29 c1 89 c8 25 ff 3f 

Register to memory mapping:

EAX=0x87130001 is an unallocated location in the heap
EBX=0x00000001 is an unknown value
ECX=0x87130001 is an unallocated location in the heap
EDX=0x000002ba is an unknown value
ESP=0x788ff090 is an unknown value
EBP=0x788ff128 is an unknown value
ESI=0x7d67a800 is an oop
java.util.ArrayList 
 - klass: 'java/util/ArrayList'
EDI=0xb67f9cc8 is an unknown value


Stack: [0x7887f000,0x78900000],  sp=0x788ff090,  free space=512k
Native frames: (J=compiled Java code, j=interpreted, Vv=VM code, C=native code)
V  [libjvm.so+0x6259d0]  ParCompactionManager::follow_marking_stacks()+0xf0
V  [libjvm.so+0x60fde0]  StealMarkingTask::do_it(GCTaskManager*, unsigned int)+0x260
V  [libjvm.so+0x394a4e]  GCTaskThread::run()+0xfe
V  [libjvm.so+0x5df1f1]  java_start(Thread*)+0x111
C  [libpthread.so.0+0x6d4c]  start_thread+0xcc


---------------  P R O C E S S  ---------------

Java Threads: ( => current thread )
  0x74e51000 JavaThread "resolver-4" daemon [_thread_blocked, id=12380, stack(0x74f0d000,0x74f5e000)]
  0x74e55400 JavaThread "resolver-3" daemon [_thread_blocked, id=12379, stack(0x74f5e000,0x74faf000)]
  0x74e1dc00 JavaThread "resolver-2" daemon [_thread_blocked, id=12377, stack(0x74faf000,0x75000000)]
  0x7506b800 JavaThread "resolver-1" daemon [_thread_blocked, id=12376, stack(0x75320000,0x75371000)]
  0x74671800 JavaThread "process reaper" daemon [_thread_blocked, id=12372, stack(0x78519000,0x7852a000)]
  0x75ae8800 JavaThread "Service Thread" daemon [_thread_blocked, id=12365, stack(0x7545c000,0x754ad000)]
  0x75ae6c00 JavaThread "C2 CompilerThread1" daemon [_thread_blocked, id=12364, stack(0x754ad000,0x7552e000)]
  0x75ae4c00 JavaThread "C2 CompilerThread0" daemon [_thread_blocked, id=12363, stack(0x7552e000,0x755af000)]
  0x75ae3000 JavaThread "Signal Dispatcher" daemon [_thread_blocked, id=12362, stack(0x755af000,0x75600000)]
  0x75aa8800 JavaThread "Finalizer" daemon [_thread_blocked, id=12361, stack(0x7852e000,0x7857f000)]
  0x75aa6c00 JavaThread "Reference Handler" daemon [_thread_blocked, id=12360, stack(0x7882e000,0x7887f000)]
  0xb6706800 JavaThread "main" [_thread_blocked, id=12354, stack(0xb68da000,0xb692b000)]

Other Threads:
  0x75aa1000 VMThread [stack: 0x75b14000,0x75b95000] [id=12359]
  0x75aea400 WatcherThread [stack: 0x753db000,0x7545c000] [id=12366]

=>0xb6713400 (exited) GCTaskThread [stack: 0x7887f000,0x78900000] [id=12357]

VM state:at safepoint (normal execution)

VM Mutex/Monitor currently owned by a thread:  ([mutex/lock_event])
[0xb6703ee8] Threads_lock - owner thread: 0x75aa1000
[0xb67042f8] Heap_lock - owner thread: 0xb6706800

Heap
 PSYoungGen      total 122752K, used 13474K [0xa13a0000, 0xaa180000, 0xb3640000)
  eden space 108224K, 0% used [0xa13a0000,0xa13a0000,0xa7d50000)
  from space 14528K, 92% used [0xa7d50000,0xa8a78b18,0xa8b80000)
  to   space 16832K, 0% used [0xa9110000,0xa9110000,0xaa180000)
 ParOldGen       total 37248K, used 18300K [0x7ce40000, 0x7f2a0000, 0xa13a0000)
  object space 37248K, 49% used [0x7ce40000,0x7e01f2f0,0x7f2a0000)
 PSPermGen       total 16384K, used 14930K [0x78e40000, 0x79e40000, 0x7ce40000)
  object space 16384K, 91% used [0x78e40000,0x79cd48d8,0x79e40000)

Card table byte_map: [0x78c6b000,0x78e40000] byte_map_base: 0x788a3e00

Polling page: 0xb7770000

Code Cache  [0xb3700000, 0xb3980000, 0xb6700000)
 total_blobs=904 nmethods=766 adapters=89 free_code_cache=46726Kb largest_free_block=47741504

Compilation events (10 events):
Event: 10.702 Thread 0x75ae6c00 nmethod 820 0xb3939948 code [0xb3939a40, 0xb3939adc]
Event: 10.728 Thread 0x75ae4c00 nmethod 812 0xb3970e08 code [0xb39712a0, 0xb3973d34]
Event: 10.822 Thread 0x75ae6c00  821             sun.util.calendar.ZoneInfo::getTransitionIndex (156 bytes)
Event: 10.836 Thread 0x75ae4c00  822             org.apache.maven.model.inheritance.DefaultInheritanceAssembler$InheritanceModelMerger::mergePluginContainer_Plugin
Event: 10.840 Thread 0x75ae6c00 nmethod 821 0xb383d3c8 code [0xb383d4c0, 0xb383d950]
Event: 10.882 Thread 0x75ae6c00  823             java.util.concurrent.locks.AbstractQueuedSynchronizer::setState (6 bytes)
Event: 10.883 Thread 0x75ae6c00 nmethod 823 0xb385ab88 code [0xb385ac60, 0xb385acb0]
Event: 10.883 Thread 0x75ae6c00  824             java.lang.String::getChars (16 bytes)
Event: 10.885 Thread 0x75ae6c00 nmethod 824 0xb3939688 code [0xb3939780, 0xb3939850]
Event: 10.890 Thread 0x75ae6c00  825             sun.misc.URLClassPath::getResource (74 bytes)

GC Heap History (10 events):
Event: 2.492 GC heap after
Heap after GC invocations=3 (full 0):
 PSYoungGen      total 30208K, used 2288K [0xa13a0000, 0xa4ea0000, 0xb3640000)
  eden space 27904K, 0% used [0xa13a0000,0xa13a0000,0xa2ee0000)
  from space 2304K, 99% used [0xa2ee0000,0xa311c060,0xa3120000)
  to   space 2304K, 0% used [0xa4c60000,0xa4c60000,0xa4ea0000)
 ParOldGen       total 37248K, used 4328K [0x7ce40000, 0x7f2a0000, 0xa13a0000)
  object space 37248K, 11% used [0x7ce40000,0x7d27a1a0,0x7f2a0000)
 PSPermGen       total 16384K, used 8047K [0x78e40000, 0x79e40000, 0x7ce40000)
  object space 16384K, 49% used [0x78e40000,0x7961bc28,0x79e40000)
}
Event: 3.789 GC heap before
{Heap before GC invocations=4 (full 0):
 PSYoungGen      total 30208K, used 30192K [0xa13a0000, 0xa4ea0000, 0xb3640000)
  eden space 27904K, 100% used [0xa13a0000,0xa2ee0000,0xa2ee0000)
  from space 2304K, 99% used [0xa2ee0000,0xa311c060,0xa3120000)
  to   space 2304K, 0% used [0xa4c60000,0xa4c60000,0xa4ea0000)
 ParOldGen       total 37248K, used 4328K [0x7ce40000, 0x7f2a0000, 0xa13a0000)
  object space 37248K, 11% used [0x7ce40000,0x7d27a1a0,0x7f2a0000)
 PSPermGen       total 16384K, used 8484K [0x78e40000, 0x79e40000, 0x7ce40000)
  object space 16384K, 51% used [0x78e40000,0x79689080,0x79e40000)
Event: 3.804 GC heap after
Heap after GC invocations=4 (full 0):
 PSYoungGen      total 58112K, used 2298K [0xa13a0000, 0xa4ea0000, 0xb3640000)
  eden space 55808K, 0% used [0xa13a0000,0xa13a0000,0xa4a20000)
  from space 2304K, 99% used [0xa4c60000,0xa4e9e810,0xa4ea0000)
  to   space 2304K, 0% used [0xa4a20000,0xa4a20000,0xa4c60000)
 ParOldGen       total 37248K, used 6619K [0x7ce40000, 0x7f2a0000, 0xa13a0000)
  object space 37248K, 17% used [0x7ce40000,0x7d4b6c10,0x7f2a0000)
 PSPermGen       total 16384K, used 8484K [0x78e40000, 0x79e40000, 0x7ce40000)
  object space 16384K, 51% used [0x78e40000,0x79689080,0x79e40000)
}
Event: 5.919 GC heap before
{Heap before GC invocations=5 (full 0):
 PSYoungGen      total 58112K, used 58106K [0xa13a0000, 0xa4ea0000, 0xb3640000)
  eden space 55808K, 100% used [0xa13a0000,0xa4a20000,0xa4a20000)
  from space 2304K, 99% used [0xa4c60000,0xa4e9e810,0xa4ea0000)
  to   space 2304K, 0% used [0xa4a20000,0xa4a20000,0xa4c60000)
 ParOldGen       total 37248K, used 6619K [0x7ce40000, 0x7f2a0000, 0xa13a0000)
  object space 37248K, 17% used [0x7ce40000,0x7d4b6c10,0x7f2a0000)
 PSPermGen       total 16384K, used 11106K [0x78e40000, 0x79e40000, 0x7ce40000)
  object space 16384K, 67% used [0x78e40000,0x79918900,0x79e40000)
Event: 5.952 GC heap after
Heap after GC invocations=5 (full 0):
 PSYoungGen      total 58112K, used 2298K [0xa13a0000, 0xa9660000, 0xb3640000)
  eden space 55808K, 0% used [0xa13a0000,0xa13a0000,0xa4a20000)
  from space 2304K, 99% used [0xa4a20000,0xa4c5e810,0xa4c60000)
  to   space 11136K, 0% used [0xa8b80000,0xa8b80000,0xa9660000)
 ParOldGen       total 37248K, used 15959K [0x7ce40000, 0x7f2a0000, 0xa13a0000)
  object space 37248K, 42% used [0x7ce40000,0x7ddd5dc8,0x7f2a0000)
 PSPermGen       total 16384K, used 11106K [0x78e40000, 0x79e40000, 0x7ce40000)
  object space 16384K, 67% used [0x78e40000,0x79918900,0x79e40000)
}
Event: 9.342 GC heap before
{Heap before GC invocations=6 (full 0):
 PSYoungGen      total 58112K, used 58106K [0xa13a0000, 0xa9660000, 0xb3640000)
  eden space 55808K, 100% used [0xa13a0000,0xa4a20000,0xa4a20000)
  from space 2304K, 99% used [0xa4a20000,0xa4c5e810,0xa4c60000)
  to   space 11136K, 0% used [0xa8b80000,0xa8b80000,0xa9660000)
 ParOldGen       total 37248K, used 15959K [0x7ce40000, 0x7f2a0000, 0xa13a0000)
  object space 37248K, 42% used [0x7ce40000,0x7ddd5dc8,0x7f2a0000)
 PSPermGen       total 16384K, used 13698K [0x78e40000, 0x79e40000, 0x7ce40000)
  object space 16384K, 83% used [0x78e40000,0x79ba0870,0x79e40000)
Event: 9.380 GC heap after
Heap after GC invocations=6 (full 0):
 PSYoungGen      total 119360K, used 11125K [0xa13a0000, 0xa9d00000, 0xb3640000)
  eden space 108224K, 0% used [0xa13a0000,0xa13a0000,0xa7d50000)
  from space 11136K, 99% used [0xa8b80000,0xa965d698,0xa9660000)
  to   space 14528K, 0% used [0xa7d50000,0xa7d50000,0xa8b80000)
 ParOldGen       total 37248K, used 17896K [0x7ce40000, 0x7f2a0000, 0xa13a0000)
  object space 37248K, 48% used [0x7ce40000,0x7dfba2e0,0x7f2a0000)
 PSPermGen       total 16384K, used 13698K [0x78e40000, 0x79e40000, 0x7ce40000)
  object space 16384K, 83% used [0x78e40000,0x79ba0870,0x79e40000)
}
Event: 10.931 GC heap before
{Heap before GC invocations=7 (full 0):
 PSYoungGen      total 119360K, used 71201K [0xa13a0000, 0xa9d00000, 0xb3640000)
  eden space 108224K, 55% used [0xa13a0000,0xa4e4af20,0xa7d50000)
  from space 11136K, 99% used [0xa8b80000,0xa965d698,0xa9660000)
  to   space 14528K, 0% used [0xa7d50000,0xa7d50000,0xa8b80000)
 ParOldGen       total 37248K, used 17896K [0x7ce40000, 0x7f2a0000, 0xa13a0000)
  object space 37248K, 48% used [0x7ce40000,0x7dfba2e0,0x7f2a0000)
 PSPermGen       total 16384K, used 14930K [0x78e40000, 0x79e40000, 0x7ce40000)
  object space 16384K, 91% used [0x78e40000,0x79cd48d8,0x79e40000)
Event: 10.975 GC heap after
Heap after GC invocations=7 (full 0):
 PSYoungGen      total 122752K, used 13474K [0xa13a0000, 0xaa180000, 0xb3640000)
  eden space 108224K, 0% used [0xa13a0000,0xa13a0000,0xa7d50000)
  from space 14528K, 92% used [0xa7d50000,0xa8a78b18,0xa8b80000)
  to   space 16832K, 0% used [0xa9110000,0xa9110000,0xaa180000)
 ParOldGen       total 37248K, used 18300K [0x7ce40000, 0x7f2a0000, 0xa13a0000)
  object space 37248K, 49% used [0x7ce40000,0x7e01f2f0,0x7f2a0000)
 PSPermGen       total 16384K, used 14930K [0x78e40000, 0x79e40000, 0x7ce40000)
  object space 16384K, 91% used [0x78e40000,0x79cd48d8,0x79e40000)
}
Event: 10.975 GC heap before
{Heap before GC invocations=8 (full 1):
 PSYoungGen      total 122752K, used 13474K [0xa13a0000, 0xaa180000, 0xb3640000)
  eden space 108224K, 0% used [0xa13a0000,0xa13a0000,0xa7d50000)
  from space 14528K, 92% used [0xa7d50000,0xa8a78b18,0xa8b80000)
  to   space 16832K, 0% used [0xa9110000,0xa9110000,0xaa180000)
 ParOldGen       total 37248K, used 18300K [0x7ce40000, 0x7f2a0000, 0xa13a0000)
  object space 37248K, 49% used [0x7ce40000,0x7e01f2f0,0x7f2a0000)
 PSPermGen       total 16384K, used 14930K [0x78e40000, 0x79e40000, 0x7ce40000)
  object space 16384K, 91% used [0x78e40000,0x79cd48d8,0x79e40000)

Deoptimization events (10 events):
Event: 9.870 Thread 0xb6706800 Uncommon trap -34 fr.pc 0xb37e44f0
Event: 9.881 Thread 0xb6706800 Uncommon trap -34 fr.pc 0xb37b3714
Event: 9.881 Thread 0xb6706800 Uncommon trap -34 fr.pc 0xb37d5cfc
Event: 9.944 Thread 0xb6706800 Uncommon trap -34 fr.pc 0xb3776ca8
Event: 10.202 Thread 0x74e63400 Uncommon trap -83 fr.pc 0xb38b0764
Event: 10.203 Thread 0x74e67000 Uncommon trap -34 fr.pc 0xb37e44f0
Event: 10.203 Thread 0x74e67000 Uncommon trap -34 fr.pc 0xb37e44f0
Event: 10.907 Thread 0xb6706800 Uncommon trap -34 fr.pc 0xb3786f88
Event: 10.930 Thread 0xb6706800 Uncommon trap -58 fr.pc 0xb37c8ca8
Event: 10.931 Thread 0xb6706800 Uncommon trap -58 fr.pc 0xb37c8ca8

Internal exceptions (10 events):
Event: 10.921 Thread 0xb6706800 Threw 0xa4cfe710 at /HUDSON/workspace/jdk7u17-2-build-linux-i586-product/jdk7u17/hotspot/src/share/vm/prims/jvm.cpp:1166
Event: 10.921 Thread 0xb6706800 Threw 0xa4cfed60 at /HUDSON/workspace/jdk7u17-2-build-linux-i586-product/jdk7u17/hotspot/src/share/vm/prims/jvm.cpp:1166
Event: 10.923 Thread 0xb6706800 Threw 0xa4d043f0 at /HUDSON/workspace/jdk7u17-2-build-linux-i586-product/jdk7u17/hotspot/src/share/vm/prims/jvm.cpp:1166
Event: 10.923 Thread 0xb6706800 Threw 0xa4d04b98 at /HUDSON/workspace/jdk7u17-2-build-linux-i586-product/jdk7u17/hotspot/src/share/vm/prims/jvm.cpp:1166
Event: 10.925 Thread 0xb6706800 Threw 0xa4d15130 at /HUDSON/workspace/jdk7u17-2-build-linux-i586-product/jdk7u17/hotspot/src/share/vm/prims/jvm.cpp:1166
Event: 10.925 Thread 0xb6706800 Threw 0xa4d15838 at /HUDSON/workspace/jdk7u17-2-build-linux-i586-product/jdk7u17/hotspot/src/share/vm/prims/jvm.cpp:1166
Event: 10.926 Thread 0xb6706800 Threw 0xa4d1a4d8 at /HUDSON/workspace/jdk7u17-2-build-linux-i586-product/jdk7u17/hotspot/src/share/vm/prims/jvm.cpp:1166
Event: 10.927 Thread 0xb6706800 Threw 0xa4d1aa90 at /HUDSON/workspace/jdk7u17-2-build-linux-i586-product/jdk7u17/hotspot/src/share/vm/prims/jvm.cpp:1166
Event: 10.927 Thread 0xb6706800 Threw 0xa4d1fd98 at /HUDSON/workspace/jdk7u17-2-build-linux-i586-product/jdk7u17/hotspot/src/share/vm/prims/jvm.cpp:1166
Event: 10.927 Thread 0xb6706800 Threw 0xa4d20540 at /HUDSON/workspace/jdk7u17-2-build-linux-i586-product/jdk7u17/hotspot/src/share/vm/prims/jvm.cpp:1166

Events (10 events):
Event: 10.926 loading class 0x7461abe8 done
Event: 10.927 loading class 0x7348b530
Event: 10.927 loading class 0x7348b530 done
Event: 10.929 loading class 0xb6734b40
Event: 10.929 loading class 0xb6734b40 done
Event: 10.931 Thread 0xb6706800 DEOPT PACKING pc=0xb37c8ca8 sp=0xb69291f0
Event: 10.931 Thread 0xb6706800 DEOPT UNPACKING pc=0xb372defc sp=0xb69291e4 mode 2
Event: 10.931 Thread 0xb6706800 DEOPT PACKING pc=0xb37c8ca8 sp=0xb69290e0
Event: 10.931 Thread 0xb6706800 DEOPT UNPACKING pc=0xb372defc sp=0xb69290d4 mode 2
Event: 10.931 Executing VM operation: ParallelGCSystemGC


Dynamic libraries:
08048000-08049000 r-xp 00000000 08:0a 43831      /usr/lib/jvm/java-7-oracle/bin/java
08049000-0804a000 rw-p 00000000 08:0a 43831      /usr/lib/jvm/java-7-oracle/bin/java
09251000-092e9000 rw-p 00000000 00:00 0          [heap]
732c0000-73400000 rw-p 00000000 00:00 0 
73400000-734b0000 rw-p 00000000 00:00 0 
734b0000-73500000 ---p 00000000 00:00 0 
73600000-736fe000 rw-p 00000000 00:00 0 
736fe000-73700000 ---p 00000000 00:00 0 
73800000-738ef000 rw-p 00000000 00:00 0 
738ef000-73900000 ---p 00000000 00:00 0 
73a00000-73af9000 rw-p 00000000 00:00 0 
73af9000-73b00000 ---p 00000000 00:00 0 
73b00000-73bc3000 rw-p 00000000 00:00 0 
73bc3000-73c00000 ---p 00000000 00:00 0 
73c00000-73cfa000 rw-p 00000000 00:00 0 
73cfa000-73d00000 ---p 00000000 00:00 0 
73d00000-73df7000 rw-p 00000000 00:00 0 
73df7000-73e00000 ---p 00000000 00:00 0 
73e00000-73ef1000 rw-p 00000000 00:00 0 
73ef1000-73f00000 ---p 00000000 00:00 0 
74000000-740fd000 rw-p 00000000 00:00 0 
740fd000-74100000 ---p 00000000 00:00 0 
74100000-741f0000 rw-p 00000000 00:00 0 
741f0000-74200000 ---p 00000000 00:00 0 
74200000-742f5000 rw-p 00000000 00:00 0 
742f5000-74300000 ---p 00000000 00:00 0 
74300000-743fe000 rw-p 00000000 00:00 0 
743fe000-74400000 ---p 00000000 00:00 0 
74400000-744ec000 rw-p 00000000 00:00 0 
744ec000-74500000 ---p 00000000 00:00 0 
74500000-745fb000 rw-p 00000000 00:00 0 
745fb000-74600000 ---p 00000000 00:00 0 
74600000-747fd000 rw-p 00000000 00:00 0 
747fd000-74800000 ---p 00000000 00:00 0 
74800000-748fc000 rw-p 00000000 00:00 0 
748fc000-74900000 ---p 00000000 00:00 0 
7496c000-74a00000 rw-p 00000000 00:00 0 
74a00000-74afb000 rw-p 00000000 00:00 0 
74afb000-74b00000 ---p 00000000 00:00 0 
74b0d000-74b10000 ---p 00000000 00:00 0 
74b10000-74b5e000 rw-p 00000000 00:00 0 
74b5e000-74b61000 ---p 00000000 00:00 0 
74b61000-74baf000 rw-p 00000000 00:00 0 
74baf000-74bb2000 ---p 00000000 00:00 0 
74bb2000-74c00000 rw-p 00000000 00:00 0 
74c00000-74cfc000 rw-p 00000000 00:00 0 
74cfc000-74d00000 ---p 00000000 00:00 0 
74d00000-74df7000 rw-p 00000000 00:00 0 
74df7000-74e00000 ---p 00000000 00:00 0 
74e00000-74f00000 rw-p 00000000 00:00 0 
74f0d000-74f10000 ---p 00000000 00:00 0 
74f10000-74f5e000 rw-p 00000000 00:00 0 
74f5e000-74f61000 ---p 00000000 00:00 0 
74f61000-74faf000 rw-p 00000000 00:00 0 
74faf000-74fb2000 ---p 00000000 00:00 0 
74fb2000-75000000 rw-p 00000000 00:00 0 
75000000-750fb000 rw-p 00000000 00:00 0 
750fb000-75100000 ---p 00000000 00:00 0 
75100000-751eb000 rw-p 00000000 00:00 0 
751eb000-75200000 ---p 00000000 00:00 0 
75200000-75300000 rw-p 00000000 00:00 0 
7530e000-75310000 rw-p 00000000 00:00 0 
75310000-75311000 r--s 00002000 08:0b 1318161    /home/yhawin/.m2/repository/org/codehaus/plexus/plexus-digest/1.0/plexus-digest-1.0.jar
75311000-75315000 r--s 00034000 08:0b 1462991    /home/yhawin/.m2/repository/org/codehaus/plexus/plexus-utils/3.0/plexus-utils-3.0.jar
75315000-75319000 r--s 0002f000 08:0b 2894089    /home/yhawin/.m2/repository/commons-lang/commons-lang/2.1/commons-lang-2.1.jar
75319000-7531c000 r--s 0000c000 08:0b 1311375    /home/yhawin/.m2/repository/org/codehaus/plexus/plexus-io/2.0.1/plexus-io-2.0.1.jar
7531c000-75320000 r--s 00028000 08:0b 1311123    /home/yhawin/.m2/repository/org/codehaus/plexus/plexus-archiver/2.0.1/plexus-archiver-2.0.1.jar
75320000-75323000 ---p 00000000 00:00 0 
75323000-75371000 rw-p 00000000 00:00 0 
75371000-753db000 r--s 00e18000 08:0a 43581      /usr/lib/jvm/java-7-oracle/lib/tools.jar
753db000-753dc000 ---p 00000000 00:00 0 
753dc000-7545c000 rw-p 00000000 00:00 0 
7545c000-7545f000 ---p 00000000 00:00 0 
7545f000-754ad000 rw-p 00000000 00:00 0 
754ad000-754b0000 ---p 00000000 00:00 0 
754b0000-7552e000 rw-p 00000000 00:00 0 
7552e000-75531000 ---p 00000000 00:00 0 
75531000-755af000 rw-p 00000000 00:00 0 
755af000-755b2000 ---p 00000000 00:00 0 
755b2000-75600000 rw-p 00000000 00:00 0 
75600000-75800000 r--p 00000000 08:0a 34293      /usr/lib/locale/locale-archive
75800000-758fe000 rw-p 00000000 00:00 0 
758fe000-75900000 ---p 00000000 00:00 0 
75900000-75921000 rw-p 00000000 00:00 0 
75921000-75a00000 ---p 00000000 00:00 0 
75a00000-75b00000 rw-p 00000000 00:00 0 
75b00000-75b01000 r--s 00005000 08:0b 1185216    /home/yhawin/.m2/repository/org/apache/maven/plugins/maven-install-plugin/2.3.1/maven-install-plugin-2.3.1.jar
75b01000-75b02000 r--s 00004000 08:0b 1079867    /home/yhawin/.m2/repository/org/apache/maven/maven-archiver/2.4.2/maven-archiver-2.4.2.jar
75b02000-75b03000 r--s 00007000 08:0b 1081754    /home/yhawin/.m2/repository/org/apache/maven/plugins/maven-jar-plugin/2.3.2/maven-jar-plugin-2.3.2.jar
75b03000-75b04000 r--s 00002000 08:0b 3155427    /home/yhawin/.m2/repository/org/apache/maven/reporting/maven-reporting-api/2.0.9/maven-reporting-api-2.0.9.jar
75b04000-75b07000 r--s 00034000 08:0b 1463139    /home/yhawin/.m2/repository/org/codehaus/plexus/plexus-utils/2.1/plexus-utils-2.1.jar
75b07000-75b09000 r--s 00006000 08:0b 2237649    /home/yhawin/.m2/repository/org/apache/maven/shared/maven-common-artifact-filters/1.3/maven-common-artifact-filters-1.3.jar
75b09000-75b0b000 r--s 0000d000 08:0b 1099136    /home/yhawin/.m2/repository/org/apache/maven/surefire/maven-surefire-common/2.10/maven-surefire-common-2.10.jar
75b0b000-75b10000 r--s 00023000 08:0b 1099132    /home/yhawin/.m2/repository/org/apache/maven/surefire/surefire-api/2.10/surefire-api-2.10.jar
75b10000-75b12000 r--s 00007000 08:0b 1099134    /home/yhawin/.m2/repository/org/apache/maven/surefire/surefire-booter/2.10/surefire-booter-2.10.jar
75b12000-75b14000 r--s 00006000 08:0b 1087299    /home/yhawin/.m2/repository/org/apache/maven/plugins/maven-surefire-plugin/2.10/maven-surefire-plugin-2.10.jar
75b14000-75b15000 ---p 00000000 00:00 0 
75b15000-75be0000 rw-p 00000000 00:00 0 
75be0000-75d9c000 r--s 039dc000 08:0a 43885      /usr/lib/jvm/java-7-oracle/jre/lib/rt.jar
75d9c000-78400000 rw-p 00000000 00:00 0 
78400000-78500000 rw-p 00000000 00:00 0 
78500000-78502000 r--s 00002000 08:0b 1327985    /home/yhawin/.m2/repository/org/codehaus/plexus/plexus-compiler-javac/1.8.1/plexus-compiler-javac-1.8.1.jar
78502000-78504000 r--s 00000000 08:0b 1327984    /home/yhawin/.m2/repository/org/codehaus/plexus/plexus-compiler-manager/1.8.1/plexus-compiler-manager-1.8.1.jar
78504000-78505000 r--s 00004000 08:0b 1327983    /home/yhawin/.m2/repository/org/codehaus/plexus/plexus-compiler-api/1.8.1/plexus-compiler-api-1.8.1.jar
78505000-78507000 r--s 00006000 08:0b 1097594    /home/yhawin/.m2/repository/org/apache/maven/plugins/maven-compiler-plugin/2.3.2/maven-compiler-plugin-2.3.2.jar
78507000-78509000 r--s 0000d000 08:0b 1310833    /home/yhawin/.m2/repository/org/codehaus/plexus/plexus-interpolation/1.13/plexus-interpolation-1.13.jar
78509000-7850a000 r--s 00001000 08:0b 1087219    /home/yhawin/.m2/repository/org/sonatype/plexus/plexus-build-api/0.0.4/plexus-build-api-0.0.4.jar
7850a000-7850c000 r--s 00009000 08:0b 2237682    /home/yhawin/.m2/repository/org/apache/maven/shared/maven-filtering/1.0/maven-filtering-1.0.jar
7850c000-7850f000 r--s 0001b000 08:0b 1087218    /home/yhawin/.m2/repository/junit/junit/3.8.1/junit-3.8.1.jar
7850f000-78511000 r--s 00002000 08:0b 528166     /home/yhawin/.m2/repository/org/codehaus/plexus/plexus-interactivity-api/1.0-alpha-4/plexus-interactivity-api-1.0-alpha-4.jar
78511000-78513000 r--s 00006000 08:0b 527861     /home/yhawin/.m2/repository/commons-cli/commons-cli/1.0/commons-cli-1.0.jar
78513000-78514000 r--s 00001000 08:0b 528167     /home/yhawin/.m2/repository/org/apache/maven/doxia/doxia-sink-api/1.0-alpha-7/doxia-sink-api-1.0-alpha-7.jar
78514000-78515000 r--s 00002000 08:0b 3155411    /home/yhawin/.m2/repository/org/apache/maven/reporting/maven-reporting-api/2.0.6/maven-reporting-api-2.0.6.jar
78515000-78519000 r--s 00033000 08:0b 1462974    /home/yhawin/.m2/repository/org/codehaus/plexus/plexus-utils/2.0.5/plexus-utils-2.0.5.jar
78519000-7851c000 ---p 00000000 00:00 0 
7851c000-7852a000 rw-p 00000000 00:00 0 
7852a000-7852e000 r--s 0008a000 08:0a 43899      /usr/lib/jvm/java-7-oracle/jre/lib/jsse.jar
7852e000-78531000 ---p 00000000 00:00 0 
78531000-7857f000 rw-p 00000000 00:00 0 
7857f000-78580000 ---p 00000000 00:00 0 
78580000-78600000 rw-p 00000000 00:00 0 
78600000-78626000 rw-p 00000000 00:00 0 
78626000-78700000 ---p 00000000 00:00 0 
78700000-78721000 rw-p 00000000 00:00 0 
78721000-78800000 ---p 00000000 00:00 0 
78800000-78802000 r--s 00005000 08:0b 1086708    /home/yhawin/.m2/repository/org/apache/maven/plugins/maven-resources-plugin/2.5/maven-resources-plugin-2.5.jar
78802000-78803000 r--s 00005000 08:0b 1066374    /home/yhawin/.m2/repository/org/apache/maven/plugins/maven-clean-plugin/2.4.1/maven-clean-plugin-2.4.1.jar
78803000-7880a000 r--s 0003e000 08:0b 1056372    /home/yhawin/usr/netbeans-7.3/java/maven/lib/sisu-inject-bean-2.3.0.jar
7880a000-7880c000 r--s 0000d000 08:0b 1056326    /home/yhawin/usr/netbeans-7.3/java/maven/lib/plexus-interpolation-1.14.jar
7880c000-7880e000 r--s 00002000 08:0b 1056408    /home/yhawin/usr/netbeans-7.3/java/maven/lib/plexus-cipher-1.7.jar
7880e000-78810000 r--s 0000b000 08:0b 1056385    /home/yhawin/usr/netbeans-7.3/java/maven/lib/maven-artifact-3.0.4.jar
78810000-7882e000 r--s 0014f000 08:0b 1056420    /home/yhawin/usr/netbeans-7.3/java/maven/lib/sisu-guava-0.9.9.jar
7882e000-78831000 ---p 00000000 00:00 0 
78831000-7887f000 rw-p 00000000 00:00 0 
7887f000-78880000 ---p 00000000 00:00 0 
78880000-78900000 rw-p 00000000 00:00 0 
78900000-78921000 rw-p 00000000 00:00 0 
78921000-78a00000 ---p 00000000 00:00 0 
78a00000-78a08000 r--s 0004e000 08:0b 1056362    /home/yhawin/usr/netbeans-7.3/java/maven/lib/sisu-guice-3.1.0-no_aop.jar
78a08000-78a09000 r--s 00002000 08:0b 1056430    /home/yhawin/usr/netbeans-7.3/java/maven/lib/wagon-file-2.2.jar
78a09000-78a0f000 r--s 0003e000 08:0b 1056401    /home/yhawin/usr/netbeans-7.3/java/maven/lib/maven-compat-3.0.4.jar
78a0f000-78a11000 r--s 0000a000 08:0b 1056373    /home/yhawin/usr/netbeans-7.3/java/maven/lib/maven-plugin-api-3.0.4.jar
78a11000-78a25000 r-xp 00000000 08:0a 78754      /usr/lib/jvm/java-7-oracle/jre/lib/i386/libnet.so
78a25000-78a26000 rw-p 00014000 08:0a 78754      /usr/lib/jvm/java-7-oracle/jre/lib/i386/libnet.so
78a26000-78a34000 r-xp 00000000 08:0a 78812      /usr/lib/jvm/java-7-oracle/jre/lib/i386/libnio.so
78a34000-78a35000 rw-p 0000e000 08:0a 78812      /usr/lib/jvm/java-7-oracle/jre/lib/i386/libnio.so
78a35000-78a39000 r--s 0001c000 08:0b 1056403    /home/yhawin/usr/netbeans-7.3/java/maven/lib/aether-util-1.13.1.jar
78a39000-78a3c000 r--s 00025000 08:0b 1056409    /home/yhawin/usr/netbeans-7.3/java/maven/lib/maven-model-3.0.4.jar
78a3c000-78a3e000 r--s 0000c000 08:0b 1056297    /home/yhawin/usr/netbeans-7.3/java/maven/lib/maven-aether-provider-3.0.4.jar
78a3e000-78a40000 r--s 00006000 08:0b 1056196    /home/yhawin/usr/netbeans-7.3/java/maven/lib/maven-repository-metadata-3.0.4.jar
78a40000-78a46000 r--s 0002b000 08:0b 1056345    /home/yhawin/usr/netbeans-7.3/java/maven/lib/sisu-inject-plexus-2.3.0.jar
78a46000-78a47000 ---p 00000000 00:00 0 
78a47000-78ac7000 rw-p 00000000 00:00 0 
78ac7000-78ac8000 ---p 00000000 00:00 0 
78ac8000-78b5b000 rw-p 00000000 00:00 0 
78b5b000-78c6b000 rw-p 00000000 00:00 0 
78c6b000-78c73000 rw-p 00000000 00:00 0 
78c73000-78c8b000 rw-p 00000000 00:00 0 
78c8b000-78c9e000 rw-p 00000000 00:00 0 
78c9e000-78dad000 rw-p 00000000 00:00 0 
78dad000-78df5000 rw-p 00000000 00:00 0 
78df5000-78e3f000 rw-p 00000000 00:00 0 
78e3f000-79e40000 rw-p 00000000 00:00 0 
79e40000-7ce40000 rw-p 00000000 00:00 0 
7ce40000-7f2a0000 rw-p 00000000 00:00 0 
7f2a0000-a13a0000 rw-p 00000000 00:00 0 
a13a0000-aa180000 rw-p 00000000 00:00 0 
aa180000-b3640000 rw-p 00000000 00:00 0 
b3640000-b364a000 rw-p 00000000 00:00 0 
b364a000-b3700000 rw-p 00000000 00:00 0 
b3700000-b3980000 rwxp 00000000 00:00 0 
b3980000-b67fa000 rw-p 00000000 00:00 0 
b67fa000-b6800000 ---p 00000000 00:00 0 
b6800000-b6802000 r--s 00000000 08:0b 1056076    /home/yhawin/usr/netbeans-7.3/java/maven/lib/plexus-component-annotations-1.5.5.jar
b6802000-b6804000 r--s 00009000 08:0b 1056386    /home/yhawin/usr/netbeans-7.3/java/maven/lib/maven-embedder-3.0.4.jar
b6804000-b6805000 r--s 00006000 08:0b 1056328    /home/yhawin/usr/netbeans-7.3/java/maven/lib/plexus-sec-dispatcher-1.3.jar
b6805000-b6817000 r--s 0009c000 08:0b 1056381    /home/yhawin/usr/netbeans-7.3/java/maven/lib/wagon-http-2.2-shaded.jar
b6817000-b6818000 r--s 00009000 08:0b 1056427    /home/yhawin/usr/netbeans-7.3/java/maven/lib/commons-cli-1.2.jar
b6818000-b681c000 r--s 00012000 08:0b 1056411    /home/yhawin/usr/netbeans-7.3/java/maven/lib/aether-api-1.13.1.jar
b681c000-b6821000 r--s 00020000 08:0b 1056327    /home/yhawin/usr/netbeans-7.3/java/maven/lib/maven-model-builder-3.0.4.jar
b6821000-b6824000 r--s 00008000 08:0b 1056277    /home/yhawin/usr/netbeans-7.3/java/maven/lib/maven-settings-builder-3.0.4.jar
b6824000-b682c000 rw-p 00000000 00:00 0 
b682c000-b6844000 rw-p 00000000 00:00 0 
b6844000-b685b000 r-xp 00000000 08:0a 78787      /usr/lib/jvm/java-7-oracle/jre/lib/i386/libzip.so
b685b000-b685c000 rw-p 00017000 08:0a 78787      /usr/lib/jvm/java-7-oracle/jre/lib/i386/libzip.so
b685c000-b6867000 r-xp 00000000 08:08 918483     /lib/i386-linux-gnu/libnss_files-2.15.so
b6867000-b6868000 r--p 0000a000 08:08 918483     /lib/i386-linux-gnu/libnss_files-2.15.so
b6868000-b6869000 rw-p 0000b000 08:08 918483     /lib/i386-linux-gnu/libnss_files-2.15.so
b6869000-b6873000 r-xp 00000000 08:08 918487     /lib/i386-linux-gnu/libnss_nis-2.15.so
b6873000-b6874000 r--p 00009000 08:08 918487     /lib/i386-linux-gnu/libnss_nis-2.15.so
b6874000-b6875000 rw-p 0000a000 08:08 918487     /lib/i386-linux-gnu/libnss_nis-2.15.so
b6875000-b688b000 r-xp 00000000 08:08 918477     /lib/i386-linux-gnu/libnsl-2.15.so
b688b000-b688c000 r--p 00015000 08:08 918477     /lib/i386-linux-gnu/libnsl-2.15.so
b688c000-b688d000 rw-p 00016000 08:08 918477     /lib/i386-linux-gnu/libnsl-2.15.so
b688d000-b688f000 rw-p 00000000 00:00 0 
b688f000-b6890000 r--p 00000000 00:00 0 
b6890000-b6892000 r--s 0000a000 08:0b 1056384    /home/yhawin/usr/netbeans-7.3/java/maven/lib/maven-settings-3.0.4.jar
b6892000-b6895000 r--s 0001d000 08:0b 1056400    /home/yhawin/usr/netbeans-7.3/java/maven/lib/aether-impl-1.13.1.jar
b6895000-b68a1000 r--s 0007b000 08:0b 1056421    /home/yhawin/usr/netbeans-7.3/java/maven/lib/maven-core-3.0.4.jar
b68a1000-b68a3000 r--s 0000b000 08:0b 1056371    /home/yhawin/usr/netbeans-7.3/java/maven/lib/wagon-provider-api-2.2.jar
b68a3000-b68a5000 r--s 00006000 08:0b 1056255    /home/yhawin/usr/netbeans-7.3/java/maven/lib/aether-connector-wagon-1.13.1.jar
b68a5000-b68ad000 rw-s 00000000 08:08 525699     /tmp/hsperfdata_yhawin/12352
b68ad000-b68d0000 r-xp 00000000 08:0a 78765      /usr/lib/jvm/java-7-oracle/jre/lib/i386/libjava.so
b68d0000-b68d1000 rw-p 00023000 08:0a 78765      /usr/lib/jvm/java-7-oracle/jre/lib/i386/libjava.so
b68d1000-b68d8000 r-xp 00000000 08:08 918518     /lib/i386-linux-gnu/librt-2.15.so
b68d8000-b68d9000 r--p 00006000 08:08 918518     /lib/i386-linux-gnu/librt-2.15.so
b68d9000-b68da000 rw-p 00007000 08:08 918518     /lib/i386-linux-gnu/librt-2.15.so
b68da000-b68dd000 ---p 00000000 00:00 0 
b68dd000-b692b000 rw-p 00000000 00:00 0 
b692b000-b6955000 r-xp 00000000 08:08 918464     /lib/i386-linux-gnu/libm-2.15.so
b6955000-b6956000 r--p 00029000 08:08 918464     /lib/i386-linux-gnu/libm-2.15.so
b6956000-b6957000 rw-p 0002a000 08:08 918464     /lib/i386-linux-gnu/libm-2.15.so
b6957000-b7110000 r-xp 00000000 08:0a 78803      /usr/lib/jvm/java-7-oracle/jre/lib/i386/server/libjvm.so
b7110000-b7162000 rw-p 007b9000 08:0a 78803      /usr/lib/jvm/java-7-oracle/jre/lib/i386/server/libjvm.so
b7162000-b7585000 rw-p 00000000 00:00 0 
b7585000-b7724000 r-xp 00000000 08:08 918432     /lib/i386-linux-gnu/libc-2.15.so
b7724000-b7726000 r--p 0019f000 08:08 918432     /lib/i386-linux-gnu/libc-2.15.so
b7726000-b7727000 rw-p 001a1000 08:08 918432     /lib/i386-linux-gnu/libc-2.15.so
b7727000-b772a000 rw-p 00000000 00:00 0 
b772a000-b772d000 r-xp 00000000 08:08 918445     /lib/i386-linux-gnu/libdl-2.15.so
b772d000-b772e000 r--p 00002000 08:08 918445     /lib/i386-linux-gnu/libdl-2.15.so
b772e000-b772f000 rw-p 00003000 08:08 918445     /lib/i386-linux-gnu/libdl-2.15.so
b772f000-b7742000 r-xp 00000000 08:0a 78807      /usr/lib/jvm/java-7-oracle/jre/lib/i386/jli/libjli.so
b7742000-b7743000 rw-p 00012000 08:0a 78807      /usr/lib/jvm/java-7-oracle/jre/lib/i386/jli/libjli.so
b7743000-b7744000 rw-p 00000000 00:00 0 
b7744000-b775b000 r-xp 00000000 08:08 918512     /lib/i386-linux-gnu/libpthread-2.15.so
b775b000-b775c000 r--p 00016000 08:08 918512     /lib/i386-linux-gnu/libpthread-2.15.so
b775c000-b775d000 rw-p 00017000 08:08 918512     /lib/i386-linux-gnu/libpthread-2.15.so
b775d000-b775f000 rw-p 00000000 00:00 0 
b775f000-b7760000 r--s 00003000 08:0b 1056410    /home/yhawin/usr/netbeans-7.3/java/maven/lib/aether-spi-1.13.1.jar
b7760000-b7763000 r--s 00033000 08:0b 1056402    /home/yhawin/usr/netbeans-7.3/java/maven/lib/plexus-utils-2.0.6.jar
b7763000-b7765000 r--s 0000a000 08:0b 1056361    /home/yhawin/usr/netbeans-7.3/java/maven/boot/plexus-classworlds-2.4.jar
b7765000-b7766000 r--p 005e0000 08:0a 34293      /usr/lib/locale/locale-archive
b7766000-b776d000 r-xp 00000000 08:08 918479     /lib/i386-linux-gnu/libnss_compat-2.15.so
b776d000-b776e000 r--p 00006000 08:08 918479     /lib/i386-linux-gnu/libnss_compat-2.15.so
b776e000-b776f000 rw-p 00007000 08:08 918479     /lib/i386-linux-gnu/libnss_compat-2.15.so
b776f000-b7770000 rw-p 00000000 00:00 0 
b7770000-b7771000 ---p 00000000 00:00 0 
b7771000-b777c000 r-xp 00000000 08:0a 78755      /usr/lib/jvm/java-7-oracle/jre/lib/i386/libverify.so
b777c000-b777d000 rw-p 0000b000 08:0a 78755      /usr/lib/jvm/java-7-oracle/jre/lib/i386/libverify.so
b777d000-b777f000 rw-p 00000000 00:00 0 
b777f000-b7780000 r-xp 00000000 00:00 0          [vdso]
b7780000-b77a0000 r-xp 00000000 08:08 918412     /lib/i386-linux-gnu/ld-2.15.so
b77a0000-b77a1000 r--p 0001f000 08:08 918412     /lib/i386-linux-gnu/ld-2.15.so
b77a1000-b77a2000 rw-p 00020000 08:08 918412     /lib/i386-linux-gnu/ld-2.15.so
bfa7a000-bfa9b000 rw-p 00000000 00:00 0          [stack]

VM Arguments:
jvm_args: -Dclassworlds.conf=/home/yhawin/usr/netbeans-7.3/java/maven/bin/m2.conf -Dmaven.home=/home/yhawin/usr/netbeans-7.3/java/maven 
java_command: org.codehaus.plexus.classworlds.launcher.Launcher clean install
Launcher Type: SUN_STANDARD

Environment Variables:
JAVA_HOME=/usr/lib/jvm/java-7-oracle
PATH=/usr/lib/lightdm/lightdm:/usr/local/sbin:/usr/local/bin:/usr/sbin:/usr/bin:/sbin:/bin:/usr/games:/usr/lib/jvm/java-7-oracle/bin:/usr/lib/jvm/java-7-oracle/db/bin:/usr/lib/jvm/java-7-oracle/jre/bin
LD_LIBRARY_PATH=/usr/lib/jvm/java-7-oracle/jre/lib/amd64:/usr/lib/jvm/java-7-oracle/jre/lib/i386:
SHELL=/bin/bash
DISPLAY=:0

Signal Handlers:
SIGSEGV: [libjvm.so+0x720f90], sa_mask[0]=0x7ffbfeff, sa_flags=0x10000004
SIGBUS: [libjvm.so+0x720f90], sa_mask[0]=0x7ffbfeff, sa_flags=0x10000004
SIGFPE: [libjvm.so+0x5d9de0], sa_mask[0]=0x7ffbfeff, sa_flags=0x10000004
SIGPIPE: [libjvm.so+0x5d9de0], sa_mask[0]=0x7ffbfeff, sa_flags=0x10000004
SIGXFSZ: [libjvm.so+0x5d9de0], sa_mask[0]=0x7ffbfeff, sa_flags=0x10000004
SIGILL: [libjvm.so+0x5d9de0], sa_mask[0]=0x7ffbfeff, sa_flags=0x10000004
SIGUSR1: SIG_DFL, sa_mask[0]=0x00000000, sa_flags=0x00000000
SIGUSR2: [libjvm.so+0x5d96c0], sa_mask[0]=0x00000004, sa_flags=0x10000004
SIGHUP: [libjvm.so+0x5dbcb0], sa_mask[0]=0x7ffbfeff, sa_flags=0x10000004
SIGINT: SIG_IGN, sa_mask[0]=0x00000000, sa_flags=0x00000000
SIGTERM: [libjvm.so+0x5dbcb0], sa_mask[0]=0x7ffbfeff, sa_flags=0x10000004
SIGQUIT: [libjvm.so+0x5dbcb0], sa_mask[0]=0x7ffbfeff, sa_flags=0x10000004


---------------  S Y S T E M  ---------------

OS:wheezy/sid

uname:Linux 3.2.0-29-generic-pae #46-Ubuntu SMP Fri Jul 27 17:25:43 UTC 2012 i686
libc:glibc 2.15 NPTL 2.15 
rlimit: STACK 8192k, CORE 0k, NPROC 27894, NOFILE 4096, AS infinity
load average:1.93 1.23 0.96

/proc/meminfo:
MemTotal:        3571196 kB
MemFree:          455604 kB
Buffers:          288624 kB
Cached:          1101100 kB
SwapCached:            0 kB
Active:          1991080 kB
Inactive:         978924 kB
Active(anon):    1582264 kB
Inactive(anon):     9716 kB
Active(file):     408816 kB
Inactive(file):   969208 kB
Unevictable:          32 kB
Mlocked:              32 kB
HighTotal:       2733300 kB
HighFree:          33696 kB
LowTotal:         837896 kB
LowFree:          421908 kB
SwapTotal:       2097148 kB
SwapFree:        2097148 kB
Dirty:              1708 kB
Writeback:             0 kB
AnonPages:       1580460 kB
Mapped:           130136 kB
Shmem:             11688 kB
Slab:              78368 kB
SReclaimable:      53680 kB
SUnreclaim:        24688 kB
KernelStack:        3848 kB
PageTables:        11640 kB
NFS_Unstable:          0 kB
Bounce:                0 kB
WritebackTmp:          0 kB
CommitLimit:     3882744 kB
Committed_AS:    4112280 kB
VmallocTotal:     122880 kB
VmallocUsed:       20632 kB
VmallocChunk:      99912 kB
HardwareCorrupted:     0 kB
AnonHugePages:         0 kB
HugePages_Total:       0
HugePages_Free:        0
HugePages_Rsvd:        0
HugePages_Surp:        0
Hugepagesize:       2048 kB
DirectMap4k:        8184 kB
DirectMap2M:      905216 kB


CPU:total 4 (4 cores per cpu, 1 threads per core) family 18 model 1 stepping 0, cmov, cx8, fxsr, mmx, sse, sse2, sse3, popcnt, mmxext, 3dnowpref, lzcnt, sse4a, tsc, tscinvbit, tscinv

/proc/cpuinfo:
processor	: 0
vendor_id	: AuthenticAMD
cpu family	: 18
model		: 1
model name	: AMD A6-3400M APU with Radeon(tm) HD Graphics
stepping	: 0
microcode	: 0x3000014
cpu MHz		: 1400.000
cache size	: 1024 KB
physical id	: 0
siblings	: 4
core id		: 0
cpu cores	: 4
apicid		: 0
initial apicid	: 0
fdiv_bug	: no
hlt_bug		: no
f00f_bug	: no
coma_bug	: no
fpu		: yes
fpu_exception	: yes
cpuid level	: 6
wp		: yes
flags		: fpu vme de pse tsc msr pae mce cx8 apic sep mtrr pge mca cmov pat pse36 clflush mmx fxsr sse sse2 ht syscall nx mmxext fxsr_opt pdpe1gb rdtscp lm 3dnowext 3dnow constant_tsc nonstop_tsc extd_apicid aperfmperf pni monitor cx16 popcnt lahf_lm cmp_legacy svm extapic cr8_legacy abm sse4a misalignsse 3dnowprefetch osvw ibs skinit wdt arat cpb npt lbrv svm_lock nrip_save pausefilter
bogomips	: 2794.89
clflush size	: 64
cache_alignment	: 64
address sizes	: 40 bits physical, 48 bits virtual
power management: ts ttp tm stc 100mhzsteps hwpstate cpb

processor	: 1
vendor_id	: AuthenticAMD
cpu family	: 18
model		: 1
model name	: AMD A6-3400M APU with Radeon(tm) HD Graphics
stepping	: 0
microcode	: 0x3000014
cpu MHz		: 1400.000
cache size	: 1024 KB
physical id	: 0
siblings	: 4
core id		: 1
cpu cores	: 4
apicid		: 1
initial apicid	: 1
fdiv_bug	: no
hlt_bug		: no
f00f_bug	: no
coma_bug	: no
fpu		: yes
fpu_exception	: yes
cpuid level	: 6
wp		: yes
flags		: fpu vme de pse tsc msr pae mce cx8 apic sep mtrr pge mca cmov pat pse36 clflush mmx fxsr sse sse2 ht syscall nx mmxext fxsr_opt pdpe1gb rdtscp lm 3dnowext 3dnow constant_tsc nonstop_tsc extd_apicid aperfmperf pni monitor cx16 popcnt lahf_lm cmp_legacy svm extapic cr8_legacy abm sse4a misalignsse 3dnowprefetch osvw ibs skinit wdt arat cpb npt lbrv svm_lock nrip_save pausefilter
bogomips	: 2794.84
clflush size	: 64
cache_alignment	: 64
address sizes	: 40 bits physical, 48 bits virtual
power management: ts ttp tm stc 100mhzsteps hwpstate cpb

processor	: 2
vendor_id	: AuthenticAMD
cpu family	: 18
model		: 1
model name	: AMD A6-3400M APU with Radeon(tm) HD Graphics
stepping	: 0
microcode	: 0x3000014
cpu MHz		: 1400.000
cache size	: 1024 KB
physical id	: 0
siblings	: 4
core id		: 2
cpu cores	: 4
apicid		: 2
initial apicid	: 2
fdiv_bug	: no
hlt_bug		: no
f00f_bug	: no
coma_bug	: no
fpu		: yes
fpu_exception	: yes
cpuid level	: 6
wp		: yes
flags		: fpu vme de pse tsc msr pae mce cx8 apic sep mtrr pge mca cmov pat pse36 clflush mmx fxsr sse sse2 ht syscall nx mmxext fxsr_opt pdpe1gb rdtscp lm 3dnowext 3dnow constant_tsc nonstop_tsc extd_apicid aperfmperf pni monitor cx16 popcnt lahf_lm cmp_legacy svm extapic cr8_legacy abm sse4a misalignsse 3dnowprefetch osvw ibs skinit wdt arat cpb npt lbrv svm_lock nrip_save pausefilter
bogomips	: 2794.88
clflush size	: 64
cache_alignment	: 64
address sizes	: 40 bits physical, 48 bits virtual
power management: ts ttp tm stc 100mhzsteps hwpstate cpb

processor	: 3
vendor_id	: AuthenticAMD
cpu family	: 18
model		: 1
model name	: AMD A6-3400M APU with Radeon(tm) HD Graphics
stepping	: 0
microcode	: 0x3000014
cpu MHz		: 1400.000
cache size	: 1024 KB
physical id	: 0
siblings	: 4
core id		: 3
cpu cores	: 4
apicid		: 3
initial apicid	: 3
fdiv_bug	: no
hlt_bug		: no
f00f_bug	: no
coma_bug	: no
fpu		: yes
fpu_exception	: yes
cpuid level	: 6
wp		: yes
flags		: fpu vme de pse tsc msr pae mce cx8 apic sep mtrr pge mca cmov pat pse36 clflush mmx fxsr sse sse2 ht syscall nx mmxext fxsr_opt pdpe1gb rdtscp lm 3dnowext 3dnow constant_tsc nonstop_tsc extd_apicid aperfmperf pni monitor cx16 popcnt lahf_lm cmp_legacy svm extapic cr8_legacy abm sse4a misalignsse 3dnowprefetch osvw ibs skinit wdt arat cpb npt lbrv svm_lock nrip_save pausefilter
bogomips	: 2794.84
clflush size	: 64
cache_alignment	: 64
address sizes	: 40 bits physical, 48 bits virtual
power management: ts ttp tm stc 100mhzsteps hwpstate cpb



Memory: 4k page, physical 3571196k(455604k free), swap 2097148k(2097148k free)

vm_info: Java HotSpot(TM) Server VM (23.7-b01) for linux-x86 JRE (1.7.0_17-b02), built on Mar  1 2013 03:07:01 by "java_re" with gcc 4.3.0 20080428 (Red Hat 4.3.0-8)

time: Tue Dec 24 02:17:31 2013
elapsed time: 11 seconds

