#
# A fatal error has been detected by the Java Runtime Environment:
#
#  SIGSEGV (0xb) at pc=0xb6fa59d0, pid=11072, tid=2025356096
#
# JRE version: 7.0_17-b02
# Java VM: Java HotSpot(TM) Server VM (23.7-b01 mixed mode linux-x86 )
# Problematic frame:
# V  [libjvm.so+0x6259d0]  ParCompactionManager::follow_marking_stacks()+0xf0
#
# Failed to write core dump. Core dumps have been disabled. To enable core dumping, try "ulimit -c unlimited" before starting Java again
#
# If you would like to submit a bug report, please visit:
#   http://bugreport.sun.com/bugreport/crash.jsp
#

---------------  T H R E A D  ---------------

Current thread (0xb6810800):  GCTaskThread [stack: 0x78b07000,0x78b88000] [id=11075]

siginfo:si_signo=SIGSEGV: si_errno=0, si_code=1 (SEGV_MAPERR), si_addr=0x00000000

Registers:
EAX=0x87060006, EBX=0xb68d1d78, ECX=0x87060006, EDX=0x0000002e
ESP=0x78b87190, EBP=0x78b87228, ESI=0x7d742f28, EDI=0xb68d1cb8
EIP=0xb6fa59d0, EFLAGS=0x00210206, CR2=0x00000000

Top of Stack: (sp=0x78b87190)
0x78b87190:   02350029 b68d1cc0 78b87248 02340029
0x78b871a0:   b68d1cc0 b68d1cb8 78b871e8 b6e778cb
0x78b871b0:   b68d1cb8 79772148 00040000 00040000
0x78b871c0:   b68d1cc8 b68d1cf8 00008000 00000008
0x78b871d0:   7d639e58 7d60449c 78b87228 00000008
0x78b871e0:   7d7431a8 7d742ce4 78b87228 b6d6aafb
0x78b871f0:   b7197d90 7d7431a8 00000008 40000001
0x78b87200:   00000000 b68d1cc8 fffffff8 78fa82e8 

Instructions: (pc=0xb6fa59d0)
0xb6fa59b0:   00 00 74 78 8d 5f 08 89 9d 78 ff ff ff 4a 81 e2
0xb6fa59c0:   ff 3f 00 00 89 57 04 83 3d 30 3b 19 b7 01 7e 05
0xb6fa59d0:   f0 83 04 24 00 8d 04 95 00 00 00 00 8b 5f 0c 01
0xb6fa59e0:   d8 89 d1 8b 30 66 8b 47 08 29 c1 89 c8 25 ff 3f 

Register to memory mapping:

EAX=0x87060006 is an unallocated location in the heap
EBX=0xb68d1d78 is an unknown value
ECX=0x87060006 is an unallocated location in the heap
EDX=0x0000002e is an unknown value
ESP=0x78b87190 is an unknown value
EBP=0x78b87228 is an unknown value
ESI=0x7d742f28 is an oop
java.util.LinkedHashMap$Entry 
 - klass: 'java/util/LinkedHashMap$Entry'
EDI=0xb68d1cb8 is an unknown value


Stack: [0x78b07000,0x78b88000],  sp=0x78b87190,  free space=512k
Native frames: (J=compiled Java code, j=interpreted, Vv=VM code, C=native code)
V  [libjvm.so+0x6259d0]  ParCompactionManager::follow_marking_stacks()+0xf0
V  [libjvm.so+0x60fde0]  StealMarkingTask::do_it(GCTaskManager*, unsigned int)+0x260
V  [libjvm.so+0x394a4e]  GCTaskThread::run()+0xfe
V  [libjvm.so+0x5df1f1]  java_start(Thread*)+0x111
C  [libpthread.so.0+0x6d4c]  start_thread+0xcc


---------------  P R O C E S S  ---------------

Java Threads: ( => current thread )
  0x74927c00 JavaThread "process reaper" daemon [_thread_blocked, id=11090, stack(0x75b03000,0x75b14000)]
  0x75ae8800 JavaThread "Service Thread" daemon [_thread_blocked, id=11085, stack(0x754ad000,0x754fe000)]
  0x75ae6c00 JavaThread "C2 CompilerThread1" daemon [_thread_blocked, id=11084, stack(0x754fe000,0x7557f000)]
  0x75ae4c00 JavaThread "C2 CompilerThread0" daemon [_thread_blocked, id=11083, stack(0x7557f000,0x75600000)]
  0x75ae3400 JavaThread "Signal Dispatcher" daemon [_thread_blocked, id=11082, stack(0x7852e000,0x7857f000)]
  0x75aa8800 JavaThread "Finalizer" daemon [_thread_blocked, id=11081, stack(0x7872e000,0x7877f000)]
  0x75aa6c00 JavaThread "Reference Handler" daemon [_thread_blocked, id=11080, stack(0x7892e000,0x7897f000)]
  0xb6806800 JavaThread "main" [_thread_blocked, id=11074, stack(0xb6903000,0xb6954000)]

Other Threads:
  0x75aa1400 VMThread [stack: 0x75b14000,0x75b95000] [id=11079]
  0x75aea400 WatcherThread [stack: 0x7542c000,0x754ad000] [id=11086]

=>0xb6810800 (exited) GCTaskThread [stack: 0x78b07000,0x78b88000] [id=11075]

VM state:at safepoint (normal execution)

VM Mutex/Monitor currently owned by a thread:  ([mutex/lock_event])
[0xb6804068] Threads_lock - owner thread: 0x75aa1400
[0xb6804478] Heap_lock - owner thread: 0xb6806800

Heap
 PSYoungGen      total 120832K, used 2611K [0xa1400000, 0xa9340000, 0xb36a0000)
  eden space 111616K, 0% used [0xa1400000,0xa1400000,0xa8100000)
  from space 9216K, 28% used [0xa8a40000,0xa8ccceb8,0xa9340000)
  to   space 9344K, 0% used [0xa8100000,0xa8100000,0xa8a20000)
 ParOldGen       total 37248K, used 13357K [0x7cea0000, 0x7f300000, 0xa1400000)
  object space 37248K, 35% used [0x7cea0000,0x7dbab5e0,0x7f300000)
 PSPermGen       total 16384K, used 11407K [0x78ea0000, 0x79ea0000, 0x7cea0000)
  object space 16384K, 69% used [0x78ea0000,0x799c3fc8,0x79ea0000)

Card table byte_map: [0x78ccb000,0x78ea0000] byte_map_base: 0x78903b00

Polling page: 0xb7799000

Code Cache  [0xb376a000, 0xb39aa000, 0xb676a000)
 total_blobs=541 nmethods=406 adapters=87 free_code_cache=47804Kb largest_free_block=48907136

Compilation events (10 events):
Event: 5.455 Thread 0x75ae4c00  405             java.util.Collections$1::hasNext (5 bytes)
Event: 5.455 Thread 0x75ae4c00 nmethod 405 0xb38b6a88 code [0xb38b6b60, 0xb38b6bb0]
Event: 5.467 Thread 0x75ae6c00  406             java.util.TreeMap::successor (66 bytes)
Event: 5.469 Thread 0x75ae6c00 nmethod 406 0xb38be3c8 code [0xb38be4c0, 0xb38be570]
Event: 5.472 Thread 0x75ae4c00  407             java.lang.Class::copyMethods (36 bytes)
Event: 5.473 Thread 0x75ae6c00  408             java.lang.reflect.Modifier::isStatic (13 bytes)
Event: 5.473 Thread 0x75ae6c00 nmethod 408 0xb37dcc88 code [0xb37dcd60, 0xb37dcd90]
Event: 5.474 Thread 0x75ae6c00  409   !         java.util.jar.Attributes::read (410 bytes)
Event: 5.507 Thread 0x75ae4c00 nmethod 407 0xb38bf948 code [0xb38bfa80, 0xb38bfe5c]
Event: 5.543 Thread 0x75ae6c00 nmethod 409 0xb38c4048 code [0xb38c4240, 0xb38c4f20]

GC Heap History (10 events):
Event: 1.132 GC heap after
Heap after GC invocations=2 (full 0):
 PSYoungGen      total 30208K, used 2245K [0xa1400000, 0xa33c0000, 0xb36a0000)
  eden space 27904K, 0% used [0xa1400000,0xa1400000,0xa2f40000)
  from space 2304K, 97% used [0xa3180000,0xa33b1448,0xa33c0000)
  to   space 2304K, 0% used [0xa2f40000,0xa2f40000,0xa3180000)
 ParOldGen       total 37248K, used 624K [0x7cea0000, 0x7f300000, 0xa1400000)
  object space 37248K, 1% used [0x7cea0000,0x7cf3c328,0x7f300000)
 PSPermGen       total 16384K, used 4905K [0x78ea0000, 0x79ea0000, 0x7cea0000)
  object space 16384K, 29% used [0x78ea0000,0x7936a568,0x79ea0000)
}
Event: 2.200 GC heap before
{Heap before GC invocations=3 (full 0):
 PSYoungGen      total 30208K, used 30149K [0xa1400000, 0xa33c0000, 0xb36a0000)
  eden space 27904K, 100% used [0xa1400000,0xa2f40000,0xa2f40000)
  from space 2304K, 97% used [0xa3180000,0xa33b1448,0xa33c0000)
  to   space 2304K, 0% used [0xa2f40000,0xa2f40000,0xa3180000)
 ParOldGen       total 37248K, used 624K [0x7cea0000, 0x7f300000, 0xa1400000)
  object space 37248K, 1% used [0x7cea0000,0x7cf3c328,0x7f300000)
 PSPermGen       total 16384K, used 8046K [0x78ea0000, 0x79ea0000, 0x7cea0000)
  object space 16384K, 49% used [0x78ea0000,0x7967b8a8,0x79ea0000)
Event: 2.215 GC heap after
Heap after GC invocations=3 (full 0):
 PSYoungGen      total 30208K, used 2290K [0xa1400000, 0xa4f00000, 0xb36a0000)
  eden space 27904K, 0% used [0xa1400000,0xa1400000,0xa2f40000)
  from space 2304K, 99% used [0xa2f40000,0xa317c860,0xa3180000)
  to   space 2304K, 0% used [0xa4cc0000,0xa4cc0000,0xa4f00000)
 ParOldGen       total 37248K, used 4234K [0x7cea0000, 0x7f300000, 0xa1400000)
  object space 37248K, 11% used [0x7cea0000,0x7d2c2880,0x7f300000)
 PSPermGen       total 16384K, used 8046K [0x78ea0000, 0x79ea0000, 0x7cea0000)
  object space 16384K, 49% used [0x78ea0000,0x7967b8a8,0x79ea0000)
}
Event: 3.465 GC heap before
{Heap before GC invocations=4 (full 0):
 PSYoungGen      total 30208K, used 30194K [0xa1400000, 0xa4f00000, 0xb36a0000)
  eden space 27904K, 100% used [0xa1400000,0xa2f40000,0xa2f40000)
  from space 2304K, 99% used [0xa2f40000,0xa317c860,0xa3180000)
  to   space 2304K, 0% used [0xa4cc0000,0xa4cc0000,0xa4f00000)
 ParOldGen       total 37248K, used 4234K [0x7cea0000, 0x7f300000, 0xa1400000)
  object space 37248K, 11% used [0x7cea0000,0x7d2c2880,0x7f300000)
 PSPermGen       total 16384K, used 8294K [0x78ea0000, 0x79ea0000, 0x7cea0000)
  object space 16384K, 50% used [0x78ea0000,0x796b9958,0x79ea0000)
Event: 3.486 GC heap after
Heap after GC invocations=4 (full 0):
 PSYoungGen      total 58112K, used 2298K [0xa1400000, 0xa4f00000, 0xb36a0000)
  eden space 55808K, 0% used [0xa1400000,0xa1400000,0xa4a80000)
  from space 2304K, 99% used [0xa4cc0000,0xa4efe850,0xa4f00000)
  to   space 2304K, 0% used [0xa4a80000,0xa4a80000,0xa4cc0000)
 ParOldGen       total 37248K, used 6089K [0x7cea0000, 0x7f300000, 0xa1400000)
  object space 37248K, 16% used [0x7cea0000,0x7d492678,0x7f300000)
 PSPermGen       total 16384K, used 8294K [0x78ea0000, 0x79ea0000, 0x7cea0000)
  object space 16384K, 50% used [0x78ea0000,0x796b9958,0x79ea0000)
}
Event: 5.480 GC heap before
{Heap before GC invocations=5 (full 0):
 PSYoungGen      total 58112K, used 58106K [0xa1400000, 0xa4f00000, 0xb36a0000)
  eden space 55808K, 100% used [0xa1400000,0xa4a80000,0xa4a80000)
  from space 2304K, 99% used [0xa4cc0000,0xa4efe850,0xa4f00000)
  to   space 2304K, 0% used [0xa4a80000,0xa4a80000,0xa4cc0000)
 ParOldGen       total 37248K, used 6089K [0x7cea0000, 0x7f300000, 0xa1400000)
  object space 37248K, 16% used [0x7cea0000,0x7d492678,0x7f300000)
 PSPermGen       total 16384K, used 11255K [0x78ea0000, 0x79ea0000, 0x7cea0000)
  object space 16384K, 68% used [0x78ea0000,0x7999df68,0x79ea0000)
Event: 5.506 GC heap after
Heap after GC invocations=5 (full 0):
 PSYoungGen      total 58112K, used 2288K [0xa1400000, 0xa9380000, 0xb36a0000)
  eden space 55808K, 0% used [0xa1400000,0xa1400000,0xa4a80000)
  from space 2304K, 99% used [0xa4a80000,0xa4cbc040,0xa4cc0000)
  to   space 9472K, 0% used [0xa8a40000,0xa8a40000,0xa9380000)
 ParOldGen       total 37248K, used 13357K [0x7cea0000, 0x7f300000, 0xa1400000)
  object space 37248K, 35% used [0x7cea0000,0x7dbab5e0,0x7f300000)
 PSPermGen       total 16384K, used 11255K [0x78ea0000, 0x79ea0000, 0x7cea0000)
  object space 16384K, 68% used [0x78ea0000,0x7999df68,0x79ea0000)
}
Event: 13.292 GC heap before
{Heap before GC invocations=6 (full 0):
 PSYoungGen      total 58112K, used 6724K [0xa1400000, 0xa9380000, 0xb36a0000)
  eden space 55808K, 7% used [0xa1400000,0xa1854fe0,0xa4a80000)
  from space 2304K, 99% used [0xa4a80000,0xa4cbc040,0xa4cc0000)
  to   space 9472K, 0% used [0xa8a40000,0xa8a40000,0xa9380000)
 ParOldGen       total 37248K, used 13357K [0x7cea0000, 0x7f300000, 0xa1400000)
  object space 37248K, 35% used [0x7cea0000,0x7dbab5e0,0x7f300000)
 PSPermGen       total 16384K, used 11407K [0x78ea0000, 0x79ea0000, 0x7cea0000)
  object space 16384K, 69% used [0x78ea0000,0x799c3fc8,0x79ea0000)
Event: 13.301 GC heap after
Heap after GC invocations=6 (full 0):
 PSYoungGen      total 120832K, used 2611K [0xa1400000, 0xa9340000, 0xb36a0000)
  eden space 111616K, 0% used [0xa1400000,0xa1400000,0xa8100000)
  from space 9216K, 28% used [0xa8a40000,0xa8ccceb8,0xa9340000)
  to   space 9344K, 0% used [0xa8100000,0xa8100000,0xa8a20000)
 ParOldGen       total 37248K, used 13357K [0x7cea0000, 0x7f300000, 0xa1400000)
  object space 37248K, 35% used [0x7cea0000,0x7dbab5e0,0x7f300000)
 PSPermGen       total 16384K, used 11407K [0x78ea0000, 0x79ea0000, 0x7cea0000)
  object space 16384K, 69% used [0x78ea0000,0x799c3fc8,0x79ea0000)
}
Event: 13.301 GC heap before
{Heap before GC invocations=7 (full 1):
 PSYoungGen      total 120832K, used 2611K [0xa1400000, 0xa9340000, 0xb36a0000)
  eden space 111616K, 0% used [0xa1400000,0xa1400000,0xa8100000)
  from space 9216K, 28% used [0xa8a40000,0xa8ccceb8,0xa9340000)
  to   space 9344K, 0% used [0xa8100000,0xa8100000,0xa8a20000)
 ParOldGen       total 37248K, used 13357K [0x7cea0000, 0x7f300000, 0xa1400000)
  object space 37248K, 35% used [0x7cea0000,0x7dbab5e0,0x7f300000)
 PSPermGen       total 16384K, used 11407K [0x78ea0000, 0x79ea0000, 0x7cea0000)
  object space 16384K, 69% used [0x78ea0000,0x799c3fc8,0x79ea0000)

Deoptimization events (10 events):
Event: 4.979 Thread 0xb6806800 Uncommon trap -42 fr.pc 0xb38a6bd4
Event: 4.979 Thread 0xb6806800 Uncommon trap -42 fr.pc 0xb38a6bd4
Event: 4.979 Thread 0xb6806800 Uncommon trap -42 fr.pc 0xb38a6bd4
Event: 5.091 Thread 0xb6806800 Uncommon trap -122 fr.pc 0xb389fe94
Event: 5.329 Thread 0xb6806800 Uncommon trap -34 fr.pc 0xb38ad8f4
Event: 5.329 Thread 0xb6806800 Uncommon trap -83 fr.pc 0xb38ad910
Event: 5.344 Thread 0xb6806800 Uncommon trap -12 fr.pc 0xb38b7bdc
Event: 5.463 Thread 0xb6806800 Uncommon trap -12 fr.pc 0xb3899c60
Event: 13.288 Thread 0xb6806800 Uncommon trap -58 fr.pc 0xb3829ef8
Event: 13.288 Thread 0xb6806800 Uncommon trap -58 fr.pc 0xb3829ef8

Internal exceptions (10 events):
Event: 5.561 Thread 0xb6806800 Threw 0xa14deed0 at /HUDSON/workspace/jdk7u17-2-build-linux-i586-product/jdk7u17/hotspot/src/share/vm/prims/jvm.cpp:1166
Event: 5.561 Thread 0xb6806800 Threw 0xa14e4b80 at /HUDSON/workspace/jdk7u17-2-build-linux-i586-product/jdk7u17/hotspot/src/share/vm/prims/jvm.cpp:1166
Event: 5.562 Thread 0xb6806800 Threw 0xa14e8a18 at /HUDSON/workspace/jdk7u17-2-build-linux-i586-product/jdk7u17/hotspot/src/share/vm/prims/jvm.cpp:1166
Event: 5.562 Thread 0xb6806800 Threw 0xa14ecc20 at /HUDSON/workspace/jdk7u17-2-build-linux-i586-product/jdk7u17/hotspot/src/share/vm/prims/jvm.cpp:1166
Event: 5.563 Thread 0xb6806800 Threw 0xa14f00d0 at /HUDSON/workspace/jdk7u17-2-build-linux-i586-product/jdk7u17/hotspot/src/share/vm/prims/jvm.cpp:1166
Event: 5.564 Thread 0xb6806800 Threw 0xa14feae0 at /HUDSON/workspace/jdk7u17-2-build-linux-i586-product/jdk7u17/hotspot/src/share/vm/prims/jvm.cpp:1166
Event: 5.564 Thread 0xb6806800 Threw 0xa1503750 at /HUDSON/workspace/jdk7u17-2-build-linux-i586-product/jdk7u17/hotspot/src/share/vm/prims/jvm.cpp:1166
Event: 5.565 Thread 0xb6806800 Threw 0xa150a6b0 at /HUDSON/workspace/jdk7u17-2-build-linux-i586-product/jdk7u17/hotspot/src/share/vm/prims/jvm.cpp:1166
Event: 5.569 Thread 0xb6806800 Threw 0xa1524c78 at /HUDSON/workspace/jdk7u17-2-build-linux-i586-product/jdk7u17/hotspot/src/share/vm/prims/jvm.cpp:1166
Event: 5.570 Thread 0xb6806800 Threw 0xa1528b78 at /HUDSON/workspace/jdk7u17-2-build-linux-i586-product/jdk7u17/hotspot/src/share/vm/prims/jvm.cpp:1166

Events (10 events):
Event: 13.288 loading class 0x753bdef0 done
Event: 13.288 loading class 0x73da89e0
Event: 13.289 loading class 0x7501bc78
Event: 13.289 loading class 0x7501bc78 done
Event: 13.289 loading class 0x73da89e0 done
Event: 13.290 loading class 0x7501bd50
Event: 13.290 loading class 0x7501bd50 done
Event: 13.290 loading class 0x751f4128
Event: 13.290 loading class 0x751f4128 done
Event: 13.292 Executing VM operation: ParallelGCSystemGC


Dynamic libraries:
08048000-08049000 r-xp 00000000 08:0a 43831      /usr/lib/jvm/java-7-oracle/bin/java
08049000-0804a000 rw-p 00000000 08:0a 43831      /usr/lib/jvm/java-7-oracle/bin/java
0872f000-08800000 rw-p 00000000 00:00 0          [heap]
73bc0000-73d00000 rw-p 00000000 00:00 0 
73d00000-73daa000 rw-p 00000000 00:00 0 
73daa000-73e00000 ---p 00000000 00:00 0 
73f00000-73ffb000 rw-p 00000000 00:00 0 
73ffb000-74000000 ---p 00000000 00:00 0 
74100000-741d9000 rw-p 00000000 00:00 0 
741d9000-74200000 ---p 00000000 00:00 0 
74300000-743fd000 rw-p 00000000 00:00 0 
743fd000-74400000 ---p 00000000 00:00 0 
74400000-74500000 rw-p 00000000 00:00 0 
74500000-745eb000 rw-p 00000000 00:00 0 
745eb000-74600000 ---p 00000000 00:00 0 
74700000-747fb000 rw-p 00000000 00:00 0 
747fb000-74800000 ---p 00000000 00:00 0 
74800000-74900000 rw-p 00000000 00:00 0 
74900000-74a00000 rw-p 00000000 00:00 0 
74a6c000-74b00000 rw-p 00000000 00:00 0 
74b00000-74bfd000 rw-p 00000000 00:00 0 
74bfd000-74c00000 ---p 00000000 00:00 0 
74c5e000-74c61000 ---p 00000000 00:00 0 
74c61000-74caf000 rw-p 00000000 00:00 0 
74caf000-74cb2000 ---p 00000000 00:00 0 
74cb2000-74d00000 rw-p 00000000 00:00 0 
74d00000-74dfe000 rw-p 00000000 00:00 0 
74dfe000-74e00000 ---p 00000000 00:00 0 
74e43000-74e46000 ---p 00000000 00:00 0 
74e46000-74e94000 rw-p 00000000 00:00 0 
74e94000-74efe000 r--s 00e18000 08:0a 43581      /usr/lib/jvm/java-7-oracle/lib/tools.jar
74efe000-74f00000 r--s 00006000 08:0b 1097594    /home/yhawin/.m2/repository/org/apache/maven/plugins/maven-compiler-plugin/2.3.2/maven-compiler-plugin-2.3.2.jar
74f00000-74ffb000 rw-p 00000000 00:00 0 
74ffb000-75000000 ---p 00000000 00:00 0 
75000000-750fa000 rw-p 00000000 00:00 0 
750fa000-75100000 ---p 00000000 00:00 0 
75100000-751fa000 rw-p 00000000 00:00 0 
751fa000-75200000 ---p 00000000 00:00 0 
75200000-752fd000 rw-p 00000000 00:00 0 
752fd000-75300000 ---p 00000000 00:00 0 
75300000-75400000 rw-p 00000000 00:00 0 
75415000-75417000 rw-p 00000000 00:00 0 
75417000-75419000 r--s 0000b000 08:0b 1606431    /home/yhawin/.m2/repository/org/apache/commons/commons-exec/1.1/commons-exec-1.1.jar
75419000-7541b000 r--s 00008000 08:0b 1189958    /home/yhawin/.m2/repository/org/codehaus/mojo/exec-maven-plugin/1.2.1/exec-maven-plugin-1.2.1.jar
7541b000-7541d000 r--s 00002000 08:0b 1327985    /home/yhawin/.m2/repository/org/codehaus/plexus/plexus-compiler-javac/1.8.1/plexus-compiler-javac-1.8.1.jar
7541d000-7541f000 r--s 00000000 08:0b 1327984    /home/yhawin/.m2/repository/org/codehaus/plexus/plexus-compiler-manager/1.8.1/plexus-compiler-manager-1.8.1.jar
7541f000-75421000 r--s 0000d000 08:0b 1310833    /home/yhawin/.m2/repository/org/codehaus/plexus/plexus-interpolation/1.13/plexus-interpolation-1.13.jar
75421000-75423000 r--s 00009000 08:0b 2237682    /home/yhawin/.m2/repository/org/apache/maven/shared/maven-filtering/1.0/maven-filtering-1.0.jar
75423000-75427000 r--s 00033000 08:0b 1462974    /home/yhawin/.m2/repository/org/codehaus/plexus/plexus-utils/2.0.5/plexus-utils-2.0.5.jar
75427000-7542a000 r--s 0001b000 08:0b 1087218    /home/yhawin/.m2/repository/junit/junit/3.8.1/junit-3.8.1.jar
7542a000-7542c000 r--s 00002000 08:0b 528166     /home/yhawin/.m2/repository/org/codehaus/plexus/plexus-interactivity-api/1.0-alpha-4/plexus-interactivity-api-1.0-alpha-4.jar
7542c000-7542d000 ---p 00000000 00:00 0 
7542d000-754ad000 rw-p 00000000 00:00 0 
754ad000-754b0000 ---p 00000000 00:00 0 
754b0000-754fe000 rw-p 00000000 00:00 0 
754fe000-75501000 ---p 00000000 00:00 0 
75501000-7557f000 rw-p 00000000 00:00 0 
7557f000-75582000 ---p 00000000 00:00 0 
75582000-75600000 rw-p 00000000 00:00 0 
75600000-75800000 r--p 00000000 08:0a 34293      /usr/lib/locale/locale-archive
75800000-758fc000 rw-p 00000000 00:00 0 
758fc000-75900000 ---p 00000000 00:00 0 
75900000-75921000 rw-p 00000000 00:00 0 
75921000-75a00000 ---p 00000000 00:00 0 
75a00000-75b00000 rw-p 00000000 00:00 0 
75b00000-75b01000 r--s 00004000 08:0b 1327983    /home/yhawin/.m2/repository/org/codehaus/plexus/plexus-compiler-api/1.8.1/plexus-compiler-api-1.8.1.jar
75b01000-75b03000 r--s 00006000 08:0b 527861     /home/yhawin/.m2/repository/commons-cli/commons-cli/1.0/commons-cli-1.0.jar
75b03000-75b06000 ---p 00000000 00:00 0 
75b06000-75b14000 rw-p 00000000 00:00 0 
75b14000-75b15000 ---p 00000000 00:00 0 
75b15000-75be0000 rw-p 00000000 00:00 0 
75be0000-75d9c000 r--s 039dc000 08:0a 43885      /usr/lib/jvm/java-7-oracle/jre/lib/rt.jar
75d9c000-78400000 rw-p 00000000 00:00 0 
78400000-784f9000 rw-p 00000000 00:00 0 
784f9000-78500000 ---p 00000000 00:00 0 
78500000-78501000 r--s 00001000 08:0b 1087219    /home/yhawin/.m2/repository/org/sonatype/plexus/plexus-build-api/0.0.4/plexus-build-api-0.0.4.jar
78501000-78502000 r--s 00001000 08:0b 528167     /home/yhawin/.m2/repository/org/apache/maven/doxia/doxia-sink-api/1.0-alpha-7/doxia-sink-api-1.0-alpha-7.jar
78502000-78504000 r--s 00005000 08:0b 1086708    /home/yhawin/.m2/repository/org/apache/maven/plugins/maven-resources-plugin/2.5/maven-resources-plugin-2.5.jar
78504000-78505000 r--p 00000000 00:00 0 
78505000-78509000 r--s 0008a000 08:0a 43899      /usr/lib/jvm/java-7-oracle/jre/lib/jsse.jar
78509000-78510000 r--s 0003e000 08:0b 1056372    /home/yhawin/usr/netbeans-7.3/java/maven/lib/sisu-inject-bean-2.3.0.jar
78510000-7852e000 r--s 0014f000 08:0b 1056420    /home/yhawin/usr/netbeans-7.3/java/maven/lib/sisu-guava-0.9.9.jar
7852e000-78531000 ---p 00000000 00:00 0 
78531000-7857f000 rw-p 00000000 00:00 0 
7857f000-78580000 ---p 00000000 00:00 0 
78580000-78600000 rw-p 00000000 00:00 0 
78600000-78621000 rw-p 00000000 00:00 0 
78621000-78700000 ---p 00000000 00:00 0 
78700000-78702000 r--s 0000d000 08:0b 1056326    /home/yhawin/usr/netbeans-7.3/java/maven/lib/plexus-interpolation-1.14.jar
78702000-7870a000 r--s 0004e000 08:0b 1056362    /home/yhawin/usr/netbeans-7.3/java/maven/lib/sisu-guice-3.1.0-no_aop.jar
7870a000-7871e000 r-xp 00000000 08:0a 78754      /usr/lib/jvm/java-7-oracle/jre/lib/i386/libnet.so
7871e000-7871f000 rw-p 00014000 08:0a 78754      /usr/lib/jvm/java-7-oracle/jre/lib/i386/libnet.so
7871f000-7872d000 r-xp 00000000 08:0a 78812      /usr/lib/jvm/java-7-oracle/jre/lib/i386/libnio.so
7872d000-7872e000 rw-p 0000e000 08:0a 78812      /usr/lib/jvm/java-7-oracle/jre/lib/i386/libnio.so
7872e000-78731000 ---p 00000000 00:00 0 
78731000-7877f000 rw-p 00000000 00:00 0 
7877f000-78780000 ---p 00000000 00:00 0 
78780000-78800000 rw-p 00000000 00:00 0 
78800000-78821000 rw-p 00000000 00:00 0 
78821000-78900000 ---p 00000000 00:00 0 
78900000-78901000 r--s 00002000 08:0b 3155411    /home/yhawin/.m2/repository/org/apache/maven/reporting/maven-reporting-api/2.0.6/maven-reporting-api-2.0.6.jar
78901000-78903000 r--s 00002000 08:0b 1056408    /home/yhawin/usr/netbeans-7.3/java/maven/lib/plexus-cipher-1.7.jar
78903000-78905000 r--s 0000b000 08:0b 1056385    /home/yhawin/usr/netbeans-7.3/java/maven/lib/maven-artifact-3.0.4.jar
78905000-7890b000 r--s 0003e000 08:0b 1056401    /home/yhawin/usr/netbeans-7.3/java/maven/lib/maven-compat-3.0.4.jar
7890b000-7890f000 r--s 0001c000 08:0b 1056403    /home/yhawin/usr/netbeans-7.3/java/maven/lib/aether-util-1.13.1.jar
7890f000-78912000 r--s 00025000 08:0b 1056409    /home/yhawin/usr/netbeans-7.3/java/maven/lib/maven-model-3.0.4.jar
78912000-78914000 r--s 0000c000 08:0b 1056297    /home/yhawin/usr/netbeans-7.3/java/maven/lib/maven-aether-provider-3.0.4.jar
78914000-78916000 r--s 00006000 08:0b 1056196    /home/yhawin/usr/netbeans-7.3/java/maven/lib/maven-repository-metadata-3.0.4.jar
78916000-7891c000 r--s 0002b000 08:0b 1056345    /home/yhawin/usr/netbeans-7.3/java/maven/lib/sisu-inject-plexus-2.3.0.jar
7891c000-7892e000 r--s 0009c000 08:0b 1056381    /home/yhawin/usr/netbeans-7.3/java/maven/lib/wagon-http-2.2-shaded.jar
7892e000-78931000 ---p 00000000 00:00 0 
78931000-7897f000 rw-p 00000000 00:00 0 
7897f000-78980000 ---p 00000000 00:00 0 
78980000-78a00000 rw-p 00000000 00:00 0 
78a00000-78a21000 rw-p 00000000 00:00 0 
78a21000-78b00000 ---p 00000000 00:00 0 
78b00000-78b01000 r--s 00002000 08:0b 1056430    /home/yhawin/usr/netbeans-7.3/java/maven/lib/wagon-file-2.2.jar
78b01000-78b03000 r--s 0000a000 08:0b 1056373    /home/yhawin/usr/netbeans-7.3/java/maven/lib/maven-plugin-api-3.0.4.jar
78b03000-78b05000 r--s 00000000 08:0b 1056076    /home/yhawin/usr/netbeans-7.3/java/maven/lib/plexus-component-annotations-1.5.5.jar
78b05000-78b07000 r--s 00009000 08:0b 1056386    /home/yhawin/usr/netbeans-7.3/java/maven/lib/maven-embedder-3.0.4.jar
78b07000-78b08000 ---p 00000000 00:00 0 
78b08000-78b90000 rw-p 00000000 00:00 0 
78b90000-78ba8000 rw-p 00000000 00:00 0 
78ba8000-78bbb000 rw-p 00000000 00:00 0 
78bbb000-78ccb000 rw-p 00000000 00:00 0 
78ccb000-78cd3000 rw-p 00000000 00:00 0 
78cd3000-78ceb000 rw-p 00000000 00:00 0 
78ceb000-78cfe000 rw-p 00000000 00:00 0 
78cfe000-78e0d000 rw-p 00000000 00:00 0 
78e0d000-78e4e000 rw-p 00000000 00:00 0 
78e4e000-78e9f000 rw-p 00000000 00:00 0 
78e9f000-79ea0000 rw-p 00000000 00:00 0 
79ea0000-7cea0000 rw-p 00000000 00:00 0 
7cea0000-7f300000 rw-p 00000000 00:00 0 
7f300000-a1400000 rw-p 00000000 00:00 0 
a1400000-a9340000 rw-p 00000000 00:00 0 
a9340000-a9380000 ---p 00000000 00:00 0 
a9380000-b36a0000 rw-p 00000000 00:00 0 
b36a0000-b36a4000 r--s 00012000 08:0b 1056411    /home/yhawin/usr/netbeans-7.3/java/maven/lib/aether-api-1.13.1.jar
b36a4000-b36a5000 r--s 00003000 08:0b 1056410    /home/yhawin/usr/netbeans-7.3/java/maven/lib/aether-spi-1.13.1.jar
b36a5000-b36aa000 r--s 00020000 08:0b 1056327    /home/yhawin/usr/netbeans-7.3/java/maven/lib/maven-model-builder-3.0.4.jar
b36aa000-b36b3000 rw-p 00000000 00:00 0 
b36b3000-b376a000 rw-p 00000000 00:00 0 
b376a000-b39aa000 rwxp 00000000 00:00 0 
b39aa000-b676a000 rw-p 00000000 00:00 0 
b676a000-b6781000 r-xp 00000000 08:0a 78787      /usr/lib/jvm/java-7-oracle/jre/lib/i386/libzip.so
b6781000-b6782000 rw-p 00017000 08:0a 78787      /usr/lib/jvm/java-7-oracle/jre/lib/i386/libzip.so
b6782000-b678d000 r-xp 00000000 08:08 918483     /lib/i386-linux-gnu/libnss_files-2.15.so
b678d000-b678e000 r--p 0000a000 08:08 918483     /lib/i386-linux-gnu/libnss_files-2.15.so
b678e000-b678f000 rw-p 0000b000 08:08 918483     /lib/i386-linux-gnu/libnss_files-2.15.so
b678f000-b6799000 r-xp 00000000 08:08 918487     /lib/i386-linux-gnu/libnss_nis-2.15.so
b6799000-b679a000 r--p 00009000 08:08 918487     /lib/i386-linux-gnu/libnss_nis-2.15.so
b679a000-b679b000 rw-p 0000a000 08:08 918487     /lib/i386-linux-gnu/libnss_nis-2.15.so
b679b000-b67b1000 r-xp 00000000 08:08 918477     /lib/i386-linux-gnu/libnsl-2.15.so
b67b1000-b67b2000 r--p 00015000 08:08 918477     /lib/i386-linux-gnu/libnsl-2.15.so
b67b2000-b67b3000 rw-p 00016000 08:08 918477     /lib/i386-linux-gnu/libnsl-2.15.so
b67b3000-b67b5000 rw-p 00000000 00:00 0 
b67b5000-b67b8000 r--s 00008000 08:0b 1056277    /home/yhawin/usr/netbeans-7.3/java/maven/lib/maven-settings-builder-3.0.4.jar
b67b8000-b67ba000 r--s 0000a000 08:0b 1056384    /home/yhawin/usr/netbeans-7.3/java/maven/lib/maven-settings-3.0.4.jar
b67ba000-b67bd000 r--s 0001d000 08:0b 1056400    /home/yhawin/usr/netbeans-7.3/java/maven/lib/aether-impl-1.13.1.jar
b67bd000-b67c9000 r--s 0007b000 08:0b 1056421    /home/yhawin/usr/netbeans-7.3/java/maven/lib/maven-core-3.0.4.jar
b67c9000-b67cb000 r--s 0000b000 08:0b 1056371    /home/yhawin/usr/netbeans-7.3/java/maven/lib/wagon-provider-api-2.2.jar
b67cb000-b67d3000 rw-s 00000000 08:08 524685     /tmp/hsperfdata_yhawin/11072
b67d3000-b67f6000 r-xp 00000000 08:0a 78765      /usr/lib/jvm/java-7-oracle/jre/lib/i386/libjava.so
b67f6000-b67f7000 rw-p 00023000 08:0a 78765      /usr/lib/jvm/java-7-oracle/jre/lib/i386/libjava.so
b67f7000-b67fe000 r-xp 00000000 08:08 918518     /lib/i386-linux-gnu/librt-2.15.so
b67fe000-b67ff000 r--p 00006000 08:08 918518     /lib/i386-linux-gnu/librt-2.15.so
b67ff000-b6800000 rw-p 00007000 08:08 918518     /lib/i386-linux-gnu/librt-2.15.so
b6800000-b68fa000 rw-p 00000000 00:00 0 
b68fa000-b6900000 ---p 00000000 00:00 0 
b6900000-b6901000 r--s 00006000 08:0b 1056328    /home/yhawin/usr/netbeans-7.3/java/maven/lib/plexus-sec-dispatcher-1.3.jar
b6901000-b6903000 r--s 00006000 08:0b 1056255    /home/yhawin/usr/netbeans-7.3/java/maven/lib/aether-connector-wagon-1.13.1.jar
b6903000-b6906000 ---p 00000000 00:00 0 
b6906000-b6954000 rw-p 00000000 00:00 0 
b6954000-b697e000 r-xp 00000000 08:08 918464     /lib/i386-linux-gnu/libm-2.15.so
b697e000-b697f000 r--p 00029000 08:08 918464     /lib/i386-linux-gnu/libm-2.15.so
b697f000-b6980000 rw-p 0002a000 08:08 918464     /lib/i386-linux-gnu/libm-2.15.so
b6980000-b7139000 r-xp 00000000 08:0a 78803      /usr/lib/jvm/java-7-oracle/jre/lib/i386/server/libjvm.so
b7139000-b718b000 rw-p 007b9000 08:0a 78803      /usr/lib/jvm/java-7-oracle/jre/lib/i386/server/libjvm.so
b718b000-b75ae000 rw-p 00000000 00:00 0 
b75ae000-b774d000 r-xp 00000000 08:08 918432     /lib/i386-linux-gnu/libc-2.15.so
b774d000-b774f000 r--p 0019f000 08:08 918432     /lib/i386-linux-gnu/libc-2.15.so
b774f000-b7750000 rw-p 001a1000 08:08 918432     /lib/i386-linux-gnu/libc-2.15.so
b7750000-b7753000 rw-p 00000000 00:00 0 
b7753000-b7756000 r-xp 00000000 08:08 918445     /lib/i386-linux-gnu/libdl-2.15.so
b7756000-b7757000 r--p 00002000 08:08 918445     /lib/i386-linux-gnu/libdl-2.15.so
b7757000-b7758000 rw-p 00003000 08:08 918445     /lib/i386-linux-gnu/libdl-2.15.so
b7758000-b776b000 r-xp 00000000 08:0a 78807      /usr/lib/jvm/java-7-oracle/jre/lib/i386/jli/libjli.so
b776b000-b776c000 rw-p 00012000 08:0a 78807      /usr/lib/jvm/java-7-oracle/jre/lib/i386/jli/libjli.so
b776c000-b776d000 rw-p 00000000 00:00 0 
b776d000-b7784000 r-xp 00000000 08:08 918512     /lib/i386-linux-gnu/libpthread-2.15.so
b7784000-b7785000 r--p 00016000 08:08 918512     /lib/i386-linux-gnu/libpthread-2.15.so
b7785000-b7786000 rw-p 00017000 08:08 918512     /lib/i386-linux-gnu/libpthread-2.15.so
b7786000-b7788000 rw-p 00000000 00:00 0 
b7788000-b7789000 r--s 00009000 08:0b 1056427    /home/yhawin/usr/netbeans-7.3/java/maven/lib/commons-cli-1.2.jar
b7789000-b778c000 r--s 00033000 08:0b 1056402    /home/yhawin/usr/netbeans-7.3/java/maven/lib/plexus-utils-2.0.6.jar
b778c000-b778e000 r--s 0000a000 08:0b 1056361    /home/yhawin/usr/netbeans-7.3/java/maven/boot/plexus-classworlds-2.4.jar
b778e000-b778f000 r--p 005e0000 08:0a 34293      /usr/lib/locale/locale-archive
b778f000-b7796000 r-xp 00000000 08:08 918479     /lib/i386-linux-gnu/libnss_compat-2.15.so
b7796000-b7797000 r--p 00006000 08:08 918479     /lib/i386-linux-gnu/libnss_compat-2.15.so
b7797000-b7798000 rw-p 00007000 08:08 918479     /lib/i386-linux-gnu/libnss_compat-2.15.so
b7798000-b7799000 rw-p 00000000 00:00 0 
b7799000-b779a000 ---p 00000000 00:00 0 
b779a000-b77a5000 r-xp 00000000 08:0a 78755      /usr/lib/jvm/java-7-oracle/jre/lib/i386/libverify.so
b77a5000-b77a6000 rw-p 0000b000 08:0a 78755      /usr/lib/jvm/java-7-oracle/jre/lib/i386/libverify.so
b77a6000-b77a8000 rw-p 00000000 00:00 0 
b77a8000-b77a9000 r-xp 00000000 00:00 0          [vdso]
b77a9000-b77c9000 r-xp 00000000 08:08 918412     /lib/i386-linux-gnu/ld-2.15.so
b77c9000-b77ca000 r--p 0001f000 08:08 918412     /lib/i386-linux-gnu/ld-2.15.so
b77ca000-b77cb000 rw-p 00020000 08:08 918412     /lib/i386-linux-gnu/ld-2.15.so
bfa12000-bfa33000 rw-p 00000000 00:00 0          [stack]

VM Arguments:
jvm_args: -Dclassworlds.conf=/home/yhawin/usr/netbeans-7.3/java/maven/bin/m2.conf -Dmaven.home=/home/yhawin/usr/netbeans-7.3/java/maven 
java_command: org.codehaus.plexus.classworlds.launcher.Launcher -Dexec.args=-classpath %classpath org.dimas.bridging.App -Dexec.executable=/usr/lib/jvm/java-7-oracle/bin/java -Dexec.classpathScope=runtime process-classes org.codehaus.mojo:exec-maven-plugin:1.2.1:exec
Launcher Type: SUN_STANDARD

Environment Variables:
JAVA_HOME=/usr/lib/jvm/java-7-oracle
PATH=/usr/lib/lightdm/lightdm:/usr/local/sbin:/usr/local/bin:/usr/sbin:/usr/bin:/sbin:/bin:/usr/games:/usr/lib/jvm/java-7-oracle/bin:/usr/lib/jvm/java-7-oracle/db/bin:/usr/lib/jvm/java-7-oracle/jre/bin
LD_LIBRARY_PATH=/usr/lib/jvm/java-7-oracle/jre/lib/amd64:/usr/lib/jvm/java-7-oracle/jre/lib/i386:
SHELL=/bin/bash
DISPLAY=:0

Signal Handlers:
SIGSEGV: [libjvm.so+0x720f90], sa_mask[0]=0x7ffbfeff, sa_flags=0x10000004
SIGBUS: [libjvm.so+0x720f90], sa_mask[0]=0x7ffbfeff, sa_flags=0x10000004
SIGFPE: [libjvm.so+0x5d9de0], sa_mask[0]=0x7ffbfeff, sa_flags=0x10000004
SIGPIPE: [libjvm.so+0x5d9de0], sa_mask[0]=0x7ffbfeff, sa_flags=0x10000004
SIGXFSZ: [libjvm.so+0x5d9de0], sa_mask[0]=0x7ffbfeff, sa_flags=0x10000004
SIGILL: [libjvm.so+0x5d9de0], sa_mask[0]=0x7ffbfeff, sa_flags=0x10000004
SIGUSR1: SIG_DFL, sa_mask[0]=0x00000000, sa_flags=0x00000000
SIGUSR2: [libjvm.so+0x5d96c0], sa_mask[0]=0x00000004, sa_flags=0x10000004
SIGHUP: [libjvm.so+0x5dbcb0], sa_mask[0]=0x7ffbfeff, sa_flags=0x10000004
SIGINT: SIG_IGN, sa_mask[0]=0x00000000, sa_flags=0x00000000
SIGTERM: [libjvm.so+0x5dbcb0], sa_mask[0]=0x7ffbfeff, sa_flags=0x10000004
SIGQUIT: [libjvm.so+0x5dbcb0], sa_mask[0]=0x7ffbfeff, sa_flags=0x10000004


---------------  S Y S T E M  ---------------

OS:wheezy/sid

uname:Linux 3.2.0-29-generic-pae #46-Ubuntu SMP Fri Jul 27 17:25:43 UTC 2012 i686
libc:glibc 2.15 NPTL 2.15 
rlimit: STACK 8192k, CORE 0k, NPROC 27894, NOFILE 4096, AS infinity
load average:0.94 0.70 0.53

/proc/meminfo:
MemTotal:        3571196 kB
MemFree:          458828 kB
Buffers:          544196 kB
Cached:          1036696 kB
SwapCached:            0 kB
Active:          1836040 kB
Inactive:        1047916 kB
Active(anon):    1305152 kB
Inactive(anon):    17280 kB
Active(file):     530888 kB
Inactive(file):  1030636 kB
Unevictable:          32 kB
Mlocked:              32 kB
HighTotal:       2733300 kB
HighFree:         350516 kB
LowTotal:         837896 kB
LowFree:          108312 kB
SwapTotal:       2097148 kB
SwapFree:        2097148 kB
Dirty:               396 kB
Writeback:             0 kB
AnonPages:       1303212 kB
Mapped:           142560 kB
Shmem:             19248 kB
Slab:             160216 kB
SReclaimable:     138124 kB
SUnreclaim:        22092 kB
KernelStack:        4144 kB
PageTables:        11664 kB
NFS_Unstable:          0 kB
Bounce:                0 kB
WritebackTmp:          0 kB
CommitLimit:     3882744 kB
Committed_AS:    3928628 kB
VmallocTotal:     122880 kB
VmallocUsed:       20744 kB
VmallocChunk:      99620 kB
HardwareCorrupted:     0 kB
AnonHugePages:         0 kB
HugePages_Total:       0
HugePages_Free:        0
HugePages_Rsvd:        0
HugePages_Surp:        0
Hugepagesize:       2048 kB
DirectMap4k:        8184 kB
DirectMap2M:      905216 kB


CPU:total 4 (4 cores per cpu, 1 threads per core) family 18 model 1 stepping 0, cmov, cx8, fxsr, mmx, sse, sse2, sse3, popcnt, mmxext, 3dnowpref, lzcnt, sse4a, tsc, tscinvbit, tscinv

/proc/cpuinfo:
processor	: 0
vendor_id	: AuthenticAMD
cpu family	: 18
model		: 1
model name	: AMD A6-3400M APU with Radeon(tm) HD Graphics
stepping	: 0
microcode	: 0x3000014
cpu MHz		: 1400.000
cache size	: 1024 KB
physical id	: 0
siblings	: 4
core id		: 0
cpu cores	: 4
apicid		: 0
initial apicid	: 0
fdiv_bug	: no
hlt_bug		: no
f00f_bug	: no
coma_bug	: no
fpu		: yes
fpu_exception	: yes
cpuid level	: 6
wp		: yes
flags		: fpu vme de pse tsc msr pae mce cx8 apic sep mtrr pge mca cmov pat pse36 clflush mmx fxsr sse sse2 ht syscall nx mmxext fxsr_opt pdpe1gb rdtscp lm 3dnowext 3dnow constant_tsc nonstop_tsc extd_apicid aperfmperf pni monitor cx16 popcnt lahf_lm cmp_legacy svm extapic cr8_legacy abm sse4a misalignsse 3dnowprefetch osvw ibs skinit wdt arat cpb npt lbrv svm_lock nrip_save pausefilter
bogomips	: 2794.72
clflush size	: 64
cache_alignment	: 64
address sizes	: 40 bits physical, 48 bits virtual
power management: ts ttp tm stc 100mhzsteps hwpstate cpb

processor	: 1
vendor_id	: AuthenticAMD
cpu family	: 18
model		: 1
model name	: AMD A6-3400M APU with Radeon(tm) HD Graphics
stepping	: 0
microcode	: 0x3000014
cpu MHz		: 1400.000
cache size	: 1024 KB
physical id	: 0
siblings	: 4
core id		: 1
cpu cores	: 4
apicid		: 1
initial apicid	: 1
fdiv_bug	: no
hlt_bug		: no
f00f_bug	: no
coma_bug	: no
fpu		: yes
fpu_exception	: yes
cpuid level	: 6
wp		: yes
flags		: fpu vme de pse tsc msr pae mce cx8 apic sep mtrr pge mca cmov pat pse36 clflush mmx fxsr sse sse2 ht syscall nx mmxext fxsr_opt pdpe1gb rdtscp lm 3dnowext 3dnow constant_tsc nonstop_tsc extd_apicid aperfmperf pni monitor cx16 popcnt lahf_lm cmp_legacy svm extapic cr8_legacy abm sse4a misalignsse 3dnowprefetch osvw ibs skinit wdt arat cpb npt lbrv svm_lock nrip_save pausefilter
bogomips	: 2794.85
clflush size	: 64
cache_alignment	: 64
address sizes	: 40 bits physical, 48 bits virtual
power management: ts ttp tm stc 100mhzsteps hwpstate cpb

processor	: 2
vendor_id	: AuthenticAMD
cpu family	: 18
model		: 1
model name	: AMD A6-3400M APU with Radeon(tm) HD Graphics
stepping	: 0
microcode	: 0x3000014
cpu MHz		: 1400.000
cache size	: 1024 KB
physical id	: 0
siblings	: 4
core id		: 2
cpu cores	: 4
apicid		: 2
initial apicid	: 2
fdiv_bug	: no
hlt_bug		: no
f00f_bug	: no
coma_bug	: no
fpu		: yes
fpu_exception	: yes
cpuid level	: 6
wp		: yes
flags		: fpu vme de pse tsc msr pae mce cx8 apic sep mtrr pge mca cmov pat pse36 clflush mmx fxsr sse sse2 ht syscall nx mmxext fxsr_opt pdpe1gb rdtscp lm 3dnowext 3dnow constant_tsc nonstop_tsc extd_apicid aperfmperf pni monitor cx16 popcnt lahf_lm cmp_legacy svm extapic cr8_legacy abm sse4a misalignsse 3dnowprefetch osvw ibs skinit wdt arat cpb npt lbrv svm_lock nrip_save pausefilter
bogomips	: 2794.85
clflush size	: 64
cache_alignment	: 64
address sizes	: 40 bits physical, 48 bits virtual
power management: ts ttp tm stc 100mhzsteps hwpstate cpb

processor	: 3
vendor_id	: AuthenticAMD
cpu family	: 18
model		: 1
model name	: AMD A6-3400M APU with Radeon(tm) HD Graphics
stepping	: 0
microcode	: 0x3000014
cpu MHz		: 1400.000
cache size	: 1024 KB
physical id	: 0
siblings	: 4
core id		: 3
cpu cores	: 4
apicid		: 3
initial apicid	: 3
fdiv_bug	: no
hlt_bug		: no
f00f_bug	: no
coma_bug	: no
fpu		: yes
fpu_exception	: yes
cpuid level	: 6
wp		: yes
flags		: fpu vme de pse tsc msr pae mce cx8 apic sep mtrr pge mca cmov pat pse36 clflush mmx fxsr sse sse2 ht syscall nx mmxext fxsr_opt pdpe1gb rdtscp lm 3dnowext 3dnow constant_tsc nonstop_tsc extd_apicid aperfmperf pni monitor cx16 popcnt lahf_lm cmp_legacy svm extapic cr8_legacy abm sse4a misalignsse 3dnowprefetch osvw ibs skinit wdt arat cpb npt lbrv svm_lock nrip_save pausefilter
bogomips	: 2794.82
clflush size	: 64
cache_alignment	: 64
address sizes	: 40 bits physical, 48 bits virtual
power management: ts ttp tm stc 100mhzsteps hwpstate cpb



Memory: 4k page, physical 3571196k(458828k free), swap 2097148k(2097148k free)

vm_info: Java HotSpot(TM) Server VM (23.7-b01) for linux-x86 JRE (1.7.0_17-b02), built on Mar  1 2013 03:07:01 by "java_re" with gcc 4.3.0 20080428 (Red Hat 4.3.0-8)

time: Wed Dec 25 02:20:36 2013
elapsed time: 13 seconds

